<?xml version="1.0" encoding="UTF-8"?>
<robot generator="Robot 4.1.1 (Python 3.9.7 on win32)" generated="20220104 20:49:14.431" rpa="false" schemaversion="2">
<suite id="s1" name="Tests" source="C:\GravidadeZERO\getgeeks\project\frontend\tests">
<suite id="s1-s1" name="Signup" source="C:\GravidadeZERO\getgeeks\project\frontend\tests\Signup.robot">
<test id="s1-s1-t1" name="Duplicate user">
<kw name="Start Session" library="Base" type="SETUP">
<kw name="New Browser" library="Browser">
<arg>${BROWSER}</arg>
<arg>headless=${HEADLESS}</arg>
<arg>slowMo=00:00:00</arg>
<tag>BrowserControl</tag>
<tag>Setter</tag>
<doc>Create a new playwright Browser with specified options.</doc>
<msg timestamp="20220104 20:49:16.190" level="INFO">{"browser": "chromium", "headless": true, "handleSIGINT": true, "handleSIGTERM": true, "handleSIGHUP": true, "timeout": 30000.0, "devtools": false, "slowMo": 0.0, "tracesDir": "C:\\GravidadeZERO\\getgeeks\\project\\frontend\\logs\\pabot_results\\2\\browser\\traces\\41b5efda-66ad-4d37-9452-b293c14a3ad6"}</msg>
<msg timestamp="20220104 20:49:16.494" level="INFO">Successfully created browser with options: {"browser":"chromium","headless":true,"handleSIGINT":true,"handleSIGTERM":true,"handleSIGHUP":true,"timeout":30000,"devtools":false,"slowMo":0,"tracesDir":"C:\\GravidadeZERO\\getgeeks\\project\\frontend\\logs\\pabot_results\\2\\browser\\traces\\41b5efda-66ad-4d37-9452-b293c14a3ad6"}</msg>
<status status="PASS" starttime="20220104 20:49:16.189" endtime="20220104 20:49:16.494"/>
</kw>
<kw name="New Page" library="Browser">
<arg>${BASE_URL}</arg>
<tag>BrowserControl</tag>
<tag>Setter</tag>
<doc>Open a new Page. A Page is the Playwright equivalent to a tab.
See `Browser, Context and Page` for more information about Page concept.
Returns a stable identifier for the created page.</doc>
<msg timestamp="20220104 20:49:20.719" level="INFO">Successfully initialized new page object and opened url: https://getgeeks-evelyn.herokuapp.com</msg>
<msg timestamp="20220104 20:49:20.719" level="INFO">No context was open. New context was automatically opened when this page is created.</msg>
<status status="PASS" starttime="20220104 20:49:16.494" endtime="20220104 20:49:20.719"/>
</kw>
<kw name="Set Viewport Size" library="Browser">
<arg>1280</arg>
<arg>768</arg>
<tag>BrowserControl</tag>
<tag>Setter</tag>
<doc>Sets current Pages viewport size to specified dimensions.</doc>
<msg timestamp="20220104 20:49:20.724" level="INFO">Set viewport size to: [object Object]</msg>
<status status="PASS" starttime="20220104 20:49:20.719" endtime="20220104 20:49:20.724"/>
</kw>
<status status="PASS" starttime="20220104 20:49:16.188" endtime="20220104 20:49:20.725"/>
</kw>
<kw name="Factory User" library="Users">
<var>${user}</var>
<arg>faker</arg>
<msg timestamp="20220104 20:49:20.727" level="INFO">${user} = {'name': 'James', 'lastname': 'Hamilton', 'email': 'megan66@gmail.com', 'password': 'pwd123'}</msg>
<status status="PASS" starttime="20220104 20:49:20.725" endtime="20220104 20:49:20.727"/>
</kw>
<kw name="Add User From Database" library="Helpers">
<arg>${user}</arg>
<kw name="Connect To Postgres" library="Database">
<kw name="Connect To Database" library="DatabaseLibrary">
<arg>psycopg2</arg>
<arg>yqvngvqr</arg>
<arg>yqvngvqr</arg>
<arg>OgPlLVHSsiq93FsdI5-8U_exzogjpj1u</arg>
<arg>fanny.db.elephantsql.com</arg>
<arg>5432</arg>
<doc>Loads the DB API 2.0 module given `dbapiModuleName` then uses it to
connect to the database using `dbName`, `dbUsername`, and `dbPassword`.</doc>
<msg timestamp="20220104 20:49:20.744" level="INFO">Connecting using : psycopg2.connect(database=yqvngvqr, user=yqvngvqr, password=OgPlLVHSsiq93FsdI5-8U_exzogjpj1u, host=fanny.db.elephantsql.com, port=5432) </msg>
<status status="PASS" starttime="20220104 20:49:20.731" endtime="20220104 20:49:21.487"/>
</kw>
<status status="PASS" starttime="20220104 20:49:20.729" endtime="20220104 20:49:21.488"/>
</kw>
<kw name="Insert User" library="Database">
<arg>${user}</arg>
<kw name="Get Hashed Pass" library="Users">
<var>${hashed_pass}</var>
<arg>${u}[password]</arg>
<msg timestamp="20220104 20:49:21.503" level="INFO">${hashed_pass} = $2b$08$AgyuPzHqlEg/MrdC8Ldx0u9k03N849cedLCO2QY7C5IOYIylhtNYm</msg>
<status status="PASS" starttime="20220104 20:49:21.488" endtime="20220104 20:49:21.503"/>
</kw>
<kw name="Set Variable" library="BuiltIn">
<var>${q}</var>
<arg>INSERT INTO public.users (name, email, password_hash, is_geek) values ('${u}[name] ${u}[lastname]', '${u}[email]', '${hashed_pass}', false)</arg>
<doc>Returns the given values which can then be assigned to a variables.</doc>
<msg timestamp="20220104 20:49:21.504" level="INFO">${q} = INSERT INTO public.users (name, email, password_hash, is_geek) values ('James Hamilton', 'megan66@gmail.com', '$2b$08$AgyuPzHqlEg/MrdC8Ldx0u9k03N849cedLCO2QY7C5IOYIylhtNYm', false)</msg>
<status status="PASS" starttime="20220104 20:49:21.504" endtime="20220104 20:49:21.504"/>
</kw>
<kw name="Execute Sql String" library="DatabaseLibrary">
<arg>${q}</arg>
<doc>Executes the sqlString as SQL commands. Useful to pass arguments to your sql. Set optional input `sansTran` to
True to run command without an explicit transaction commit or rollback.</doc>
<msg timestamp="20220104 20:49:21.504" level="INFO">Executing : Execute SQL String  |  INSERT INTO public.users (name, email, password_hash, is_geek) values ('James Hamilton', 'megan66@gmail.com', '$2b$08$AgyuPzHqlEg/MrdC8Ldx0u9k03N849cedLCO2QY7C5IOYIylhtNYm', false) </msg>
<status status="PASS" starttime="20220104 20:49:21.504" endtime="20220104 20:49:21.861"/>
</kw>
<status status="PASS" starttime="20220104 20:49:21.488" endtime="20220104 20:49:21.861"/>
</kw>
<kw name="Disconnect From Database" library="DatabaseLibrary">
<doc>Disconnects from the database.</doc>
<msg timestamp="20220104 20:49:21.862" level="INFO">Executing : Disconnect From Database</msg>
<status status="PASS" starttime="20220104 20:49:21.861" endtime="20220104 20:49:21.863"/>
</kw>
<status status="PASS" starttime="20220104 20:49:20.727" endtime="20220104 20:49:21.863"/>
</kw>
<kw name="Go To Signup Form" library="SignupActions">
<kw name="Go To" library="Browser">
<arg>${BASE_URL}/signup</arg>
<tag>BrowserControl</tag>
<tag>Setter</tag>
<doc>Navigates to the given ``url``.</doc>
<msg timestamp="20220104 20:49:22.565" level="INFO">Successfully opened URL https://getgeeks-evelyn.herokuapp.com/signup</msg>
<status status="PASS" starttime="20220104 20:49:21.864" endtime="20220104 20:49:22.565"/>
</kw>
<kw name="Wait For Elements State" library="Browser">
<arg>css=.signup-form</arg>
<arg>visible</arg>
<arg>5</arg>
<tag>PageContent</tag>
<tag>Wait</tag>
<doc>Waits for the element found by ``selector`` to satisfy state option.</doc>
<msg timestamp="20220104 20:49:22.598" level="INFO">Wait for Element with selector: css=.signup-form</msg>
<status status="PASS" starttime="20220104 20:49:22.566" endtime="20220104 20:49:22.599"/>
</kw>
<status status="PASS" starttime="20220104 20:49:21.863" endtime="20220104 20:49:22.599"/>
</kw>
<kw name="Fill Signup Form" library="SignupActions">
<arg>${user}</arg>
<kw name="Fill Text" library="Browser">
<arg>id=name</arg>
<arg>${user}[name]</arg>
<tag>PageContent</tag>
<tag>Setter</tag>
<doc>Clears and fills the given ``txt`` into the text field found by ``selector``.</doc>
<msg timestamp="20220104 20:49:22.600" level="INFO">Fills the text 'James' in the given field.</msg>
<status status="PASS" starttime="20220104 20:49:22.600" endtime="20220104 20:49:22.640"/>
</kw>
<kw name="Fill Text" library="Browser">
<arg>id=lastname</arg>
<arg>${user}[lastname]</arg>
<tag>PageContent</tag>
<tag>Setter</tag>
<doc>Clears and fills the given ``txt`` into the text field found by ``selector``.</doc>
<msg timestamp="20220104 20:49:22.641" level="INFO">Fills the text 'Hamilton' in the given field.</msg>
<status status="PASS" starttime="20220104 20:49:22.640" endtime="20220104 20:49:22.665"/>
</kw>
<kw name="Fill Text" library="Browser">
<arg>id=email</arg>
<arg>${user}[email]</arg>
<tag>PageContent</tag>
<tag>Setter</tag>
<doc>Clears and fills the given ``txt`` into the text field found by ``selector``.</doc>
<msg timestamp="20220104 20:49:22.665" level="INFO">Fills the text 'megan66@gmail.com' in the given field.</msg>
<status status="PASS" starttime="20220104 20:49:22.665" endtime="20220104 20:49:22.684"/>
</kw>
<kw name="Fill Text" library="Browser">
<arg>id=password</arg>
<arg>${user}[password]</arg>
<tag>PageContent</tag>
<tag>Setter</tag>
<doc>Clears and fills the given ``txt`` into the text field found by ``selector``.</doc>
<msg timestamp="20220104 20:49:22.685" level="INFO">Fills the text 'pwd123' in the given field.</msg>
<status status="PASS" starttime="20220104 20:49:22.684" endtime="20220104 20:49:22.703"/>
</kw>
<status status="PASS" starttime="20220104 20:49:22.599" endtime="20220104 20:49:22.703"/>
</kw>
<kw name="Submit Signup Form" library="SignupActions">
<kw name="Click" library="Browser">
<arg>css=.submit-button &gt;&gt; text=Cadastrar</arg>
<tag>PageContent</tag>
<tag>Setter</tag>
<doc>Simulates mouse click on the element found by ``selector``.</doc>
<status status="PASS" starttime="20220104 20:49:22.704" endtime="20220104 20:49:22.776"/>
</kw>
<status status="PASS" starttime="20220104 20:49:22.703" endtime="20220104 20:49:22.777"/>
</kw>
<kw name="Modal Content Should Be" library="_SharedActions">
<arg>Já temos um usuário com o e-mail informado.</arg>
<kw name="Set Variable" library="BuiltIn">
<var>${title}</var>
<arg>css=.swal2-title</arg>
<doc>Returns the given values which can then be assigned to a variables.</doc>
<msg timestamp="20220104 20:49:22.780" level="INFO">${title} = css=.swal2-title</msg>
<status status="PASS" starttime="20220104 20:49:22.779" endtime="20220104 20:49:22.780"/>
</kw>
<kw name="Set Variable" library="BuiltIn">
<var>${content}</var>
<arg>css=.swal2-html-container</arg>
<doc>Returns the given values which can then be assigned to a variables.</doc>
<msg timestamp="20220104 20:49:22.781" level="INFO">${content} = css=.swal2-html-container</msg>
<status status="PASS" starttime="20220104 20:49:22.780" endtime="20220104 20:49:22.781"/>
</kw>
<kw name="Wait For Elements State" library="Browser">
<arg>${title}</arg>
<arg>visible</arg>
<arg>5</arg>
<tag>PageContent</tag>
<tag>Wait</tag>
<doc>Waits for the element found by ``selector`` to satisfy state option.</doc>
<msg timestamp="20220104 20:49:23.434" level="INFO">Wait for Element with selector: css=.swal2-title</msg>
<status status="PASS" starttime="20220104 20:49:22.781" endtime="20220104 20:49:23.434"/>
</kw>
<kw name="Get Text" library="Browser">
<arg>${title}</arg>
<arg>equal</arg>
<arg>Oops...</arg>
<tag>Assertion</tag>
<tag>Getter</tag>
<tag>PageContent</tag>
<doc>Returns text attribute of the element found by ``selector``.</doc>
<status status="PASS" starttime="20220104 20:49:23.434" endtime="20220104 20:49:23.464"/>
</kw>
<kw name="Wait For Elements State" library="Browser">
<arg>${content}</arg>
<arg>visible</arg>
<arg>5</arg>
<tag>PageContent</tag>
<tag>Wait</tag>
<doc>Waits for the element found by ``selector`` to satisfy state option.</doc>
<msg timestamp="20220104 20:49:23.489" level="INFO">Wait for Element with selector: css=.swal2-html-container</msg>
<status status="PASS" starttime="20220104 20:49:23.464" endtime="20220104 20:49:23.489"/>
</kw>
<kw name="Get Text" library="Browser">
<arg>${content}</arg>
<arg>equal</arg>
<arg>${expected_text}</arg>
<tag>Assertion</tag>
<tag>Getter</tag>
<tag>PageContent</tag>
<doc>Returns text attribute of the element found by ``selector``.</doc>
<status status="PASS" starttime="20220104 20:49:23.489" endtime="20220104 20:49:23.522"/>
</kw>
<status status="PASS" starttime="20220104 20:49:22.778" endtime="20220104 20:49:23.522"/>
</kw>
<kw name="After Test" library="Base" type="TEARDOWN">
<kw name="Screenshot Name" library="Utils">
<var>${shot_name}</var>
<msg timestamp="20220104 20:49:23.525" level="INFO">${shot_name} = fe8fc2b08cf55ad2e1d7d87a95ab2979c8621359</msg>
<status status="PASS" starttime="20220104 20:49:23.524" endtime="20220104 20:49:23.525"/>
</kw>
<kw name="Take Screenshot" library="Browser">
<arg>fullPage=True</arg>
<arg>filename=${shot_name}</arg>
<tag>PageContent</tag>
<doc>Takes a screenshot of the current window or element and saves it to disk.</doc>
<msg timestamp="20220104 20:49:23.729" level="INFO" html="true">&lt;/td&gt;&lt;/tr&gt;&lt;tr&gt;&lt;td colspan="3"&gt;&lt;a href="browser/screenshot/fe8fc2b08cf55ad2e1d7d87a95ab2979c8621359.png"&gt;&lt;img src="browser/screenshot/fe8fc2b08cf55ad2e1d7d87a95ab2979c8621359.png" width="800px"&gt;&lt;/a&gt;</msg>
<status status="PASS" starttime="20220104 20:49:23.525" endtime="20220104 20:49:23.730"/>
</kw>
<status status="PASS" starttime="20220104 20:49:23.523" endtime="20220104 20:49:23.730"/>
</kw>
<tag>attempt_signup</tag>
<status status="PASS" starttime="20220104 20:49:16.183" endtime="20220104 20:49:23.730"/>
</test>
<test id="s1-s1-t2" name="Wrong Email">
<kw name="Start Session" library="Base" type="SETUP">
<kw name="New Browser" library="Browser">
<arg>${BROWSER}</arg>
<arg>headless=${HEADLESS}</arg>
<arg>slowMo=00:00:00</arg>
<tag>BrowserControl</tag>
<tag>Setter</tag>
<doc>Create a new playwright Browser with specified options.</doc>
<msg timestamp="20220104 20:49:23.786" level="INFO">{"browser": "chromium", "headless": true, "handleSIGINT": true, "handleSIGTERM": true, "handleSIGHUP": true, "timeout": 30000.0, "devtools": false, "slowMo": 0.0, "tracesDir": "C:\\GravidadeZERO\\getgeeks\\project\\frontend\\logs\\pabot_results\\2\\browser\\traces\\07da6efe-5527-4660-b702-758ce5507af3"}</msg>
<msg timestamp="20220104 20:49:24.064" level="INFO">Successfully created browser with options: {"browser":"chromium","headless":true,"handleSIGINT":true,"handleSIGTERM":true,"handleSIGHUP":true,"timeout":30000,"devtools":false,"slowMo":0,"tracesDir":"C:\\GravidadeZERO\\getgeeks\\project\\frontend\\logs\\pabot_results\\2\\browser\\traces\\07da6efe-5527-4660-b702-758ce5507af3"}</msg>
<status status="PASS" starttime="20220104 20:49:23.786" endtime="20220104 20:49:24.064"/>
</kw>
<kw name="New Page" library="Browser">
<arg>${BASE_URL}</arg>
<tag>BrowserControl</tag>
<tag>Setter</tag>
<doc>Open a new Page. A Page is the Playwright equivalent to a tab.
See `Browser, Context and Page` for more information about Page concept.
Returns a stable identifier for the created page.</doc>
<msg timestamp="20220104 20:49:29.195" level="INFO">Successfully initialized new page object and opened url: https://getgeeks-evelyn.herokuapp.com</msg>
<msg timestamp="20220104 20:49:29.195" level="INFO">No context was open. New context was automatically opened when this page is created.</msg>
<status status="PASS" starttime="20220104 20:49:24.065" endtime="20220104 20:49:29.195"/>
</kw>
<kw name="Set Viewport Size" library="Browser">
<arg>1280</arg>
<arg>768</arg>
<tag>BrowserControl</tag>
<tag>Setter</tag>
<doc>Sets current Pages viewport size to specified dimensions.</doc>
<msg timestamp="20220104 20:49:29.199" level="INFO">Set viewport size to: [object Object]</msg>
<status status="PASS" starttime="20220104 20:49:29.195" endtime="20220104 20:49:29.199"/>
</kw>
<status status="PASS" starttime="20220104 20:49:23.785" endtime="20220104 20:49:29.199"/>
</kw>
<kw name="Factory User" library="Users">
<var>${user}</var>
<arg>wrong_email</arg>
<msg timestamp="20220104 20:49:29.200" level="INFO">${user} = {'name': 'Pedro', 'lastname': 'De Lara', 'email': 'pedro_dl*hotmail.com', 'password': 'abc123'}</msg>
<status status="PASS" starttime="20220104 20:49:29.199" endtime="20220104 20:49:29.200"/>
</kw>
<kw name="Go To Signup Form" library="SignupActions">
<kw name="Go To" library="Browser">
<arg>${BASE_URL}/signup</arg>
<tag>BrowserControl</tag>
<tag>Setter</tag>
<doc>Navigates to the given ``url``.</doc>
<msg timestamp="20220104 20:49:30.030" level="INFO">Successfully opened URL https://getgeeks-evelyn.herokuapp.com/signup</msg>
<status status="PASS" starttime="20220104 20:49:29.201" endtime="20220104 20:49:30.031"/>
</kw>
<kw name="Wait For Elements State" library="Browser">
<arg>css=.signup-form</arg>
<arg>visible</arg>
<arg>5</arg>
<tag>PageContent</tag>
<tag>Wait</tag>
<doc>Waits for the element found by ``selector`` to satisfy state option.</doc>
<msg timestamp="20220104 20:49:30.066" level="INFO">Wait for Element with selector: css=.signup-form</msg>
<status status="PASS" starttime="20220104 20:49:30.032" endtime="20220104 20:49:30.066"/>
</kw>
<status status="PASS" starttime="20220104 20:49:29.200" endtime="20220104 20:49:30.066"/>
</kw>
<kw name="Fill Signup Form" library="SignupActions">
<arg>${user}</arg>
<kw name="Fill Text" library="Browser">
<arg>id=name</arg>
<arg>${user}[name]</arg>
<tag>PageContent</tag>
<tag>Setter</tag>
<doc>Clears and fills the given ``txt`` into the text field found by ``selector``.</doc>
<msg timestamp="20220104 20:49:30.067" level="INFO">Fills the text 'Pedro' in the given field.</msg>
<status status="PASS" starttime="20220104 20:49:30.067" endtime="20220104 20:49:30.094"/>
</kw>
<kw name="Fill Text" library="Browser">
<arg>id=lastname</arg>
<arg>${user}[lastname]</arg>
<tag>PageContent</tag>
<tag>Setter</tag>
<doc>Clears and fills the given ``txt`` into the text field found by ``selector``.</doc>
<msg timestamp="20220104 20:49:30.095" level="INFO">Fills the text 'De Lara' in the given field.</msg>
<status status="PASS" starttime="20220104 20:49:30.094" endtime="20220104 20:49:30.115"/>
</kw>
<kw name="Fill Text" library="Browser">
<arg>id=email</arg>
<arg>${user}[email]</arg>
<tag>PageContent</tag>
<tag>Setter</tag>
<doc>Clears and fills the given ``txt`` into the text field found by ``selector``.</doc>
<msg timestamp="20220104 20:49:30.116" level="INFO">Fills the text 'pedro_dl*hotmail.com' in the given field.</msg>
<status status="PASS" starttime="20220104 20:49:30.116" endtime="20220104 20:49:30.133"/>
</kw>
<kw name="Fill Text" library="Browser">
<arg>id=password</arg>
<arg>${user}[password]</arg>
<tag>PageContent</tag>
<tag>Setter</tag>
<doc>Clears and fills the given ``txt`` into the text field found by ``selector``.</doc>
<msg timestamp="20220104 20:49:30.134" level="INFO">Fills the text 'abc123' in the given field.</msg>
<status status="PASS" starttime="20220104 20:49:30.134" endtime="20220104 20:49:30.155"/>
</kw>
<status status="PASS" starttime="20220104 20:49:30.066" endtime="20220104 20:49:30.155"/>
</kw>
<kw name="Submit Signup Form" library="SignupActions">
<kw name="Click" library="Browser">
<arg>css=.submit-button &gt;&gt; text=Cadastrar</arg>
<tag>PageContent</tag>
<tag>Setter</tag>
<doc>Simulates mouse click on the element found by ``selector``.</doc>
<status status="PASS" starttime="20220104 20:49:30.156" endtime="20220104 20:49:30.222"/>
</kw>
<status status="PASS" starttime="20220104 20:49:30.155" endtime="20220104 20:49:30.222"/>
</kw>
<kw name="Alert Span Should Be" library="_SharedActions">
<arg>O email está estranho</arg>
<kw name="Wait For Elements State" library="Browser">
<arg>css=span[class=error] &gt;&gt; text=${expected_alert}</arg>
<arg>visible</arg>
<arg>5</arg>
<tag>PageContent</tag>
<tag>Wait</tag>
<doc>Waits for the element found by ``selector`` to satisfy state option.</doc>
<msg timestamp="20220104 20:49:30.236" level="INFO">Wait for Element with selector: css=span[class=error] &gt;&gt; text=O email está estranho</msg>
<status status="PASS" starttime="20220104 20:49:30.223" endtime="20220104 20:49:30.236"/>
</kw>
<status status="PASS" starttime="20220104 20:49:30.222" endtime="20220104 20:49:30.237"/>
</kw>
<kw name="After Test" library="Base" type="TEARDOWN">
<kw name="Screenshot Name" library="Utils">
<var>${shot_name}</var>
<msg timestamp="20220104 20:49:30.240" level="INFO">${shot_name} = 2bb5f4271a118525871bc20512e25811aa4f5a34</msg>
<status status="PASS" starttime="20220104 20:49:30.239" endtime="20220104 20:49:30.240"/>
</kw>
<kw name="Take Screenshot" library="Browser">
<arg>fullPage=True</arg>
<arg>filename=${shot_name}</arg>
<tag>PageContent</tag>
<doc>Takes a screenshot of the current window or element and saves it to disk.</doc>
<msg timestamp="20220104 20:49:30.440" level="INFO" html="true">&lt;/td&gt;&lt;/tr&gt;&lt;tr&gt;&lt;td colspan="3"&gt;&lt;a href="browser/screenshot/2bb5f4271a118525871bc20512e25811aa4f5a34.png"&gt;&lt;img src="browser/screenshot/2bb5f4271a118525871bc20512e25811aa4f5a34.png" width="800px"&gt;&lt;/a&gt;</msg>
<status status="PASS" starttime="20220104 20:49:30.241" endtime="20220104 20:49:30.440"/>
</kw>
<status status="PASS" starttime="20220104 20:49:30.237" endtime="20220104 20:49:30.440"/>
</kw>
<tag>attempt_signup</tag>
<status status="PASS" starttime="20220104 20:49:23.781" endtime="20220104 20:49:30.441"/>
</test>
<test id="s1-s1-t3" name="Required Fields">
<kw name="Start Session" library="Base" type="SETUP">
<kw name="New Browser" library="Browser">
<arg>${BROWSER}</arg>
<arg>headless=${HEADLESS}</arg>
<arg>slowMo=00:00:00</arg>
<tag>BrowserControl</tag>
<tag>Setter</tag>
<doc>Create a new playwright Browser with specified options.</doc>
<msg timestamp="20220104 20:49:30.499" level="INFO">{"browser": "chromium", "headless": true, "handleSIGINT": true, "handleSIGTERM": true, "handleSIGHUP": true, "timeout": 30000.0, "devtools": false, "slowMo": 0.0, "tracesDir": "C:\\GravidadeZERO\\getgeeks\\project\\frontend\\logs\\pabot_results\\2\\browser\\traces\\e1c20628-469f-4ed7-9166-58c1ef4bf7bd"}</msg>
<msg timestamp="20220104 20:49:30.739" level="INFO">Successfully created browser with options: {"browser":"chromium","headless":true,"handleSIGINT":true,"handleSIGTERM":true,"handleSIGHUP":true,"timeout":30000,"devtools":false,"slowMo":0,"tracesDir":"C:\\GravidadeZERO\\getgeeks\\project\\frontend\\logs\\pabot_results\\2\\browser\\traces\\e1c20628-469f-4ed7-9166-58c1ef4bf7bd"}</msg>
<status status="PASS" starttime="20220104 20:49:30.496" endtime="20220104 20:49:30.739"/>
</kw>
<kw name="New Page" library="Browser">
<arg>${BASE_URL}</arg>
<tag>BrowserControl</tag>
<tag>Setter</tag>
<doc>Open a new Page. A Page is the Playwright equivalent to a tab.
See `Browser, Context and Page` for more information about Page concept.
Returns a stable identifier for the created page.</doc>
<msg timestamp="20220104 20:49:37.913" level="INFO">Successfully initialized new page object and opened url: https://getgeeks-evelyn.herokuapp.com</msg>
<msg timestamp="20220104 20:49:37.913" level="INFO">No context was open. New context was automatically opened when this page is created.</msg>
<status status="PASS" starttime="20220104 20:49:30.740" endtime="20220104 20:49:37.913"/>
</kw>
<kw name="Set Viewport Size" library="Browser">
<arg>1280</arg>
<arg>768</arg>
<tag>BrowserControl</tag>
<tag>Setter</tag>
<doc>Sets current Pages viewport size to specified dimensions.</doc>
<msg timestamp="20220104 20:49:37.918" level="INFO">Set viewport size to: [object Object]</msg>
<status status="PASS" starttime="20220104 20:49:37.914" endtime="20220104 20:49:37.918"/>
</kw>
<status status="PASS" starttime="20220104 20:49:30.495" endtime="20220104 20:49:37.919"/>
</kw>
<kw name="Create List" library="BuiltIn">
<var>@{expected_alerts}</var>
<arg>Cadê o seu nome?</arg>
<arg>E o sobrenome?</arg>
<arg>O email é importante também!</arg>
<arg>Agora só falta a senha!</arg>
<doc>Returns a list containing given items.</doc>
<msg timestamp="20220104 20:49:37.919" level="INFO">@{expected_alerts} = [ Cadê o seu nome? | E o sobrenome? | O email é importante também! | Agora só falta a senha! ]</msg>
<status status="PASS" starttime="20220104 20:49:37.919" endtime="20220104 20:49:37.919"/>
</kw>
<kw name="Go To Signup Form" library="SignupActions">
<kw name="Go To" library="Browser">
<arg>${BASE_URL}/signup</arg>
<tag>BrowserControl</tag>
<tag>Setter</tag>
<doc>Navigates to the given ``url``.</doc>
<msg timestamp="20220104 20:49:38.636" level="INFO">Successfully opened URL https://getgeeks-evelyn.herokuapp.com/signup</msg>
<status status="PASS" starttime="20220104 20:49:37.920" endtime="20220104 20:49:38.636"/>
</kw>
<kw name="Wait For Elements State" library="Browser">
<arg>css=.signup-form</arg>
<arg>visible</arg>
<arg>5</arg>
<tag>PageContent</tag>
<tag>Wait</tag>
<doc>Waits for the element found by ``selector`` to satisfy state option.</doc>
<msg timestamp="20220104 20:49:38.661" level="INFO">Wait for Element with selector: css=.signup-form</msg>
<status status="PASS" starttime="20220104 20:49:38.636" endtime="20220104 20:49:38.661"/>
</kw>
<status status="PASS" starttime="20220104 20:49:37.919" endtime="20220104 20:49:38.662"/>
</kw>
<kw name="Submit Signup Form" library="SignupActions">
<kw name="Click" library="Browser">
<arg>css=.submit-button &gt;&gt; text=Cadastrar</arg>
<tag>PageContent</tag>
<tag>Setter</tag>
<doc>Simulates mouse click on the element found by ``selector``.</doc>
<status status="PASS" starttime="20220104 20:49:38.662" endtime="20220104 20:49:38.736"/>
</kw>
<status status="PASS" starttime="20220104 20:49:38.662" endtime="20220104 20:49:38.736"/>
</kw>
<kw name="Alert Spans Should Be" library="_SharedActions">
<arg>${expected_alerts}</arg>
<kw name="Create List" library="BuiltIn">
<var>@{got_alerts}</var>
<doc>Returns a list containing given items.</doc>
<msg timestamp="20220104 20:49:38.737" level="INFO">@{got_alerts} = [ ]</msg>
<status status="PASS" starttime="20220104 20:49:38.737" endtime="20220104 20:49:38.737"/>
</kw>
<kw name="Get Elements" library="Browser">
<var>${spans}</var>
<arg>xpath=//span[@class="error"]</arg>
<tag>Getter</tag>
<tag>PageContent</tag>
<doc>Returns a reference to playwright element handle for all matched elements by ``selector``.</doc>
<msg timestamp="20220104 20:49:38.757" level="INFO">${spans} = ['element=149b74ac-8b12-4e1a-b476-2dfa133f927d', 'element=eecc8eef-e446-4401-b484-61fc5caf37f5', 'element=c11ba522-d841-4131-a37c-81f934606bba', 'element=cb991fcc-b115-4e3b-904a-6645590c027d']</msg>
<status status="PASS" starttime="20220104 20:49:38.737" endtime="20220104 20:49:38.757"/>
</kw>
<for flavor="IN">
<var>${span}</var>
<value>@{spans}</value>
<iter>
<var name="${span}">element=149b74ac-8b12-4e1a-b476-2dfa133f927d</var>
<kw name="Get Text" library="Browser">
<var>${text}</var>
<arg>${span}</arg>
<tag>Assertion</tag>
<tag>Getter</tag>
<tag>PageContent</tag>
<doc>Returns text attribute of the element found by ``selector``.</doc>
<msg timestamp="20220104 20:49:38.769" level="INFO">${text} = Cadê o seu nome?</msg>
<status status="PASS" starttime="20220104 20:49:38.758" endtime="20220104 20:49:38.769"/>
</kw>
<kw name="Append To List" library="Collections">
<arg>${got_alerts}</arg>
<arg>${text}</arg>
<doc>Adds ``values`` to the end of ``list``.</doc>
<status status="PASS" starttime="20220104 20:49:38.769" endtime="20220104 20:49:38.770"/>
</kw>
<status status="PASS" starttime="20220104 20:49:38.758" endtime="20220104 20:49:38.770"/>
</iter>
<iter>
<var name="${span}">element=eecc8eef-e446-4401-b484-61fc5caf37f5</var>
<kw name="Get Text" library="Browser">
<var>${text}</var>
<arg>${span}</arg>
<tag>Assertion</tag>
<tag>Getter</tag>
<tag>PageContent</tag>
<doc>Returns text attribute of the element found by ``selector``.</doc>
<msg timestamp="20220104 20:49:38.778" level="INFO">${text} = E o sobrenome?</msg>
<status status="PASS" starttime="20220104 20:49:38.770" endtime="20220104 20:49:38.778"/>
</kw>
<kw name="Append To List" library="Collections">
<arg>${got_alerts}</arg>
<arg>${text}</arg>
<doc>Adds ``values`` to the end of ``list``.</doc>
<status status="PASS" starttime="20220104 20:49:38.778" endtime="20220104 20:49:38.779"/>
</kw>
<status status="PASS" starttime="20220104 20:49:38.770" endtime="20220104 20:49:38.779"/>
</iter>
<iter>
<var name="${span}">element=c11ba522-d841-4131-a37c-81f934606bba</var>
<kw name="Get Text" library="Browser">
<var>${text}</var>
<arg>${span}</arg>
<tag>Assertion</tag>
<tag>Getter</tag>
<tag>PageContent</tag>
<doc>Returns text attribute of the element found by ``selector``.</doc>
<msg timestamp="20220104 20:49:38.786" level="INFO">${text} = O email é importante também!</msg>
<status status="PASS" starttime="20220104 20:49:38.779" endtime="20220104 20:49:38.786"/>
</kw>
<kw name="Append To List" library="Collections">
<arg>${got_alerts}</arg>
<arg>${text}</arg>
<doc>Adds ``values`` to the end of ``list``.</doc>
<status status="PASS" starttime="20220104 20:49:38.786" endtime="20220104 20:49:38.786"/>
</kw>
<status status="PASS" starttime="20220104 20:49:38.779" endtime="20220104 20:49:38.786"/>
</iter>
<iter>
<var name="${span}">element=cb991fcc-b115-4e3b-904a-6645590c027d</var>
<kw name="Get Text" library="Browser">
<var>${text}</var>
<arg>${span}</arg>
<tag>Assertion</tag>
<tag>Getter</tag>
<tag>PageContent</tag>
<doc>Returns text attribute of the element found by ``selector``.</doc>
<msg timestamp="20220104 20:49:38.794" level="INFO">${text} = Agora só falta a senha!</msg>
<status status="PASS" starttime="20220104 20:49:38.787" endtime="20220104 20:49:38.794"/>
</kw>
<kw name="Append To List" library="Collections">
<arg>${got_alerts}</arg>
<arg>${text}</arg>
<doc>Adds ``values`` to the end of ``list``.</doc>
<status status="PASS" starttime="20220104 20:49:38.794" endtime="20220104 20:49:38.795"/>
</kw>
<status status="PASS" starttime="20220104 20:49:38.786" endtime="20220104 20:49:38.795"/>
</iter>
<status status="PASS" starttime="20220104 20:49:38.757" endtime="20220104 20:49:38.795"/>
</for>
<kw name="Lists Should Be Equal" library="Collections">
<arg>${expected_alerts}</arg>
<arg>${got_alerts}</arg>
<doc>Fails if given lists are unequal.</doc>
<status status="PASS" starttime="20220104 20:49:38.795" endtime="20220104 20:49:38.796"/>
</kw>
<status status="PASS" starttime="20220104 20:49:38.736" endtime="20220104 20:49:38.796"/>
</kw>
<kw name="After Test" library="Base" type="TEARDOWN">
<kw name="Screenshot Name" library="Utils">
<var>${shot_name}</var>
<msg timestamp="20220104 20:49:38.797" level="INFO">${shot_name} = 6801ad8b79f27df0de07134311e3cc3616939725</msg>
<status status="PASS" starttime="20220104 20:49:38.797" endtime="20220104 20:49:38.797"/>
</kw>
<kw name="Take Screenshot" library="Browser">
<arg>fullPage=True</arg>
<arg>filename=${shot_name}</arg>
<tag>PageContent</tag>
<doc>Takes a screenshot of the current window or element and saves it to disk.</doc>
<msg timestamp="20220104 20:49:38.948" level="INFO" html="true">&lt;/td&gt;&lt;/tr&gt;&lt;tr&gt;&lt;td colspan="3"&gt;&lt;a href="browser/screenshot/6801ad8b79f27df0de07134311e3cc3616939725.png"&gt;&lt;img src="browser/screenshot/6801ad8b79f27df0de07134311e3cc3616939725.png" width="800px"&gt;&lt;/a&gt;</msg>
<status status="PASS" starttime="20220104 20:49:38.797" endtime="20220104 20:49:38.949"/>
</kw>
<status status="PASS" starttime="20220104 20:49:38.796" endtime="20220104 20:49:38.949"/>
</kw>
<tag>attempt_signup</tag>
<tag>reqf</tag>
<status status="PASS" starttime="20220104 20:49:30.489" endtime="20220104 20:49:38.949"/>
</test>
<test id="s1-s1-t4" name="Short Password">
<kw name="Start Session" library="Base" type="SETUP">
<kw name="New Browser" library="Browser">
<arg>${BROWSER}</arg>
<arg>headless=${HEADLESS}</arg>
<arg>slowMo=00:00:00</arg>
<tag>BrowserControl</tag>
<tag>Setter</tag>
<doc>Create a new playwright Browser with specified options.</doc>
<msg timestamp="20220104 20:49:38.974" level="INFO">{"browser": "chromium", "headless": true, "handleSIGINT": true, "handleSIGTERM": true, "handleSIGHUP": true, "timeout": 30000.0, "devtools": false, "slowMo": 0.0, "tracesDir": "C:\\GravidadeZERO\\getgeeks\\project\\frontend\\logs\\pabot_results\\2\\browser\\traces\\184eb42d-8b5c-464a-8d58-b2ae0eee4f92"}</msg>
<msg timestamp="20220104 20:49:39.187" level="INFO">Successfully created browser with options: {"browser":"chromium","headless":true,"handleSIGINT":true,"handleSIGTERM":true,"handleSIGHUP":true,"timeout":30000,"devtools":false,"slowMo":0,"tracesDir":"C:\\GravidadeZERO\\getgeeks\\project\\frontend\\logs\\pabot_results\\2\\browser\\traces\\184eb42d-8b5c-464a-8d58-b2ae0eee4f92"}</msg>
<status status="PASS" starttime="20220104 20:49:38.973" endtime="20220104 20:49:39.187"/>
</kw>
<kw name="New Page" library="Browser">
<arg>${BASE_URL}</arg>
<tag>BrowserControl</tag>
<tag>Setter</tag>
<doc>Open a new Page. A Page is the Playwright equivalent to a tab.
See `Browser, Context and Page` for more information about Page concept.
Returns a stable identifier for the created page.</doc>
<msg timestamp="20220104 20:49:41.269" level="INFO">Successfully initialized new page object and opened url: https://getgeeks-evelyn.herokuapp.com</msg>
<msg timestamp="20220104 20:49:41.269" level="INFO">No context was open. New context was automatically opened when this page is created.</msg>
<status status="PASS" starttime="20220104 20:49:39.188" endtime="20220104 20:49:41.269"/>
</kw>
<kw name="Set Viewport Size" library="Browser">
<arg>1280</arg>
<arg>768</arg>
<tag>BrowserControl</tag>
<tag>Setter</tag>
<doc>Sets current Pages viewport size to specified dimensions.</doc>
<msg timestamp="20220104 20:49:41.272" level="INFO">Set viewport size to: [object Object]</msg>
<status status="PASS" starttime="20220104 20:49:41.269" endtime="20220104 20:49:41.272"/>
</kw>
<status status="PASS" starttime="20220104 20:49:38.973" endtime="20220104 20:49:41.272"/>
</kw>
<kw name="Signup With Short Pass">
<arg>1</arg>
<kw name="Create Dictionary" library="BuiltIn">
<var>${user}</var>
<arg>name=Evelyn</arg>
<arg>lastname=Basso</arg>
<arg>email=evelynbasso@hotmail.com</arg>
<arg>password=${short_pass}</arg>
<doc>Creates and returns a dictionary based on the given ``items``.</doc>
<msg timestamp="20220104 20:49:41.275" level="INFO">${user} = {'name': 'Evelyn', 'lastname': 'Basso', 'email': 'evelynbasso@hotmail.com', 'password': '1'}</msg>
<status status="PASS" starttime="20220104 20:49:41.274" endtime="20220104 20:49:41.275"/>
</kw>
<kw name="Go To Signup Form" library="SignupActions">
<kw name="Go To" library="Browser">
<arg>${BASE_URL}/signup</arg>
<tag>BrowserControl</tag>
<tag>Setter</tag>
<doc>Navigates to the given ``url``.</doc>
<msg timestamp="20220104 20:49:42.236" level="INFO">Successfully opened URL https://getgeeks-evelyn.herokuapp.com/signup</msg>
<status status="PASS" starttime="20220104 20:49:41.275" endtime="20220104 20:49:42.236"/>
</kw>
<kw name="Wait For Elements State" library="Browser">
<arg>css=.signup-form</arg>
<arg>visible</arg>
<arg>5</arg>
<tag>PageContent</tag>
<tag>Wait</tag>
<doc>Waits for the element found by ``selector`` to satisfy state option.</doc>
<msg timestamp="20220104 20:49:42.265" level="INFO">Wait for Element with selector: css=.signup-form</msg>
<status status="PASS" starttime="20220104 20:49:42.237" endtime="20220104 20:49:42.265"/>
</kw>
<status status="PASS" starttime="20220104 20:49:41.275" endtime="20220104 20:49:42.265"/>
</kw>
<kw name="Fill Signup Form" library="SignupActions">
<arg>${user}</arg>
<kw name="Fill Text" library="Browser">
<arg>id=name</arg>
<arg>${user}[name]</arg>
<tag>PageContent</tag>
<tag>Setter</tag>
<doc>Clears and fills the given ``txt`` into the text field found by ``selector``.</doc>
<msg timestamp="20220104 20:49:42.266" level="INFO">Fills the text 'Evelyn' in the given field.</msg>
<status status="PASS" starttime="20220104 20:49:42.266" endtime="20220104 20:49:42.288"/>
</kw>
<kw name="Fill Text" library="Browser">
<arg>id=lastname</arg>
<arg>${user}[lastname]</arg>
<tag>PageContent</tag>
<tag>Setter</tag>
<doc>Clears and fills the given ``txt`` into the text field found by ``selector``.</doc>
<msg timestamp="20220104 20:49:42.289" level="INFO">Fills the text 'Basso' in the given field.</msg>
<status status="PASS" starttime="20220104 20:49:42.289" endtime="20220104 20:49:42.312"/>
</kw>
<kw name="Fill Text" library="Browser">
<arg>id=email</arg>
<arg>${user}[email]</arg>
<tag>PageContent</tag>
<tag>Setter</tag>
<doc>Clears and fills the given ``txt`` into the text field found by ``selector``.</doc>
<msg timestamp="20220104 20:49:42.312" level="INFO">Fills the text 'evelynbasso@hotmail.com' in the given field.</msg>
<status status="PASS" starttime="20220104 20:49:42.312" endtime="20220104 20:49:42.333"/>
</kw>
<kw name="Fill Text" library="Browser">
<arg>id=password</arg>
<arg>${user}[password]</arg>
<tag>PageContent</tag>
<tag>Setter</tag>
<doc>Clears and fills the given ``txt`` into the text field found by ``selector``.</doc>
<msg timestamp="20220104 20:49:42.334" level="INFO">Fills the text '1' in the given field.</msg>
<status status="PASS" starttime="20220104 20:49:42.334" endtime="20220104 20:49:42.350"/>
</kw>
<status status="PASS" starttime="20220104 20:49:42.265" endtime="20220104 20:49:42.350"/>
</kw>
<kw name="Submit Signup Form" library="SignupActions">
<kw name="Click" library="Browser">
<arg>css=.submit-button &gt;&gt; text=Cadastrar</arg>
<tag>PageContent</tag>
<tag>Setter</tag>
<doc>Simulates mouse click on the element found by ``selector``.</doc>
<status status="PASS" starttime="20220104 20:49:42.351" endtime="20220104 20:49:42.420"/>
</kw>
<status status="PASS" starttime="20220104 20:49:42.351" endtime="20220104 20:49:42.420"/>
</kw>
<kw name="Alert Span Should Be" library="_SharedActions">
<arg>Informe uma senha com pelo menos 6 caracteres</arg>
<kw name="Wait For Elements State" library="Browser">
<arg>css=span[class=error] &gt;&gt; text=${expected_alert}</arg>
<arg>visible</arg>
<arg>5</arg>
<tag>PageContent</tag>
<tag>Wait</tag>
<doc>Waits for the element found by ``selector`` to satisfy state option.</doc>
<msg timestamp="20220104 20:49:42.434" level="INFO">Wait for Element with selector: css=span[class=error] &gt;&gt; text=Informe uma senha com pelo menos 6 caracteres</msg>
<status status="PASS" starttime="20220104 20:49:42.421" endtime="20220104 20:49:42.434"/>
</kw>
<status status="PASS" starttime="20220104 20:49:42.421" endtime="20220104 20:49:42.434"/>
</kw>
<status status="PASS" starttime="20220104 20:49:41.272" endtime="20220104 20:49:42.434"/>
</kw>
<kw name="Signup With Short Pass">
<arg>12</arg>
<kw name="Create Dictionary" library="BuiltIn">
<var>${user}</var>
<arg>name=Evelyn</arg>
<arg>lastname=Basso</arg>
<arg>email=evelynbasso@hotmail.com</arg>
<arg>password=${short_pass}</arg>
<doc>Creates and returns a dictionary based on the given ``items``.</doc>
<msg timestamp="20220104 20:49:42.436" level="INFO">${user} = {'name': 'Evelyn', 'lastname': 'Basso', 'email': 'evelynbasso@hotmail.com', 'password': '12'}</msg>
<status status="PASS" starttime="20220104 20:49:42.435" endtime="20220104 20:49:42.436"/>
</kw>
<kw name="Go To Signup Form" library="SignupActions">
<kw name="Go To" library="Browser">
<arg>${BASE_URL}/signup</arg>
<tag>BrowserControl</tag>
<tag>Setter</tag>
<doc>Navigates to the given ``url``.</doc>
<msg timestamp="20220104 20:49:42.841" level="INFO">Successfully opened URL https://getgeeks-evelyn.herokuapp.com/signup</msg>
<status status="PASS" starttime="20220104 20:49:42.436" endtime="20220104 20:49:42.841"/>
</kw>
<kw name="Wait For Elements State" library="Browser">
<arg>css=.signup-form</arg>
<arg>visible</arg>
<arg>5</arg>
<tag>PageContent</tag>
<tag>Wait</tag>
<doc>Waits for the element found by ``selector`` to satisfy state option.</doc>
<msg timestamp="20220104 20:49:42.858" level="INFO">Wait for Element with selector: css=.signup-form</msg>
<status status="PASS" starttime="20220104 20:49:42.842" endtime="20220104 20:49:42.858"/>
</kw>
<status status="PASS" starttime="20220104 20:49:42.436" endtime="20220104 20:49:42.859"/>
</kw>
<kw name="Fill Signup Form" library="SignupActions">
<arg>${user}</arg>
<kw name="Fill Text" library="Browser">
<arg>id=name</arg>
<arg>${user}[name]</arg>
<tag>PageContent</tag>
<tag>Setter</tag>
<doc>Clears and fills the given ``txt`` into the text field found by ``selector``.</doc>
<msg timestamp="20220104 20:49:42.860" level="INFO">Fills the text 'Evelyn' in the given field.</msg>
<status status="PASS" starttime="20220104 20:49:42.859" endtime="20220104 20:49:42.878"/>
</kw>
<kw name="Fill Text" library="Browser">
<arg>id=lastname</arg>
<arg>${user}[lastname]</arg>
<tag>PageContent</tag>
<tag>Setter</tag>
<doc>Clears and fills the given ``txt`` into the text field found by ``selector``.</doc>
<msg timestamp="20220104 20:49:42.879" level="INFO">Fills the text 'Basso' in the given field.</msg>
<status status="PASS" starttime="20220104 20:49:42.878" endtime="20220104 20:49:42.894"/>
</kw>
<kw name="Fill Text" library="Browser">
<arg>id=email</arg>
<arg>${user}[email]</arg>
<tag>PageContent</tag>
<tag>Setter</tag>
<doc>Clears and fills the given ``txt`` into the text field found by ``selector``.</doc>
<msg timestamp="20220104 20:49:42.896" level="INFO">Fills the text 'evelynbasso@hotmail.com' in the given field.</msg>
<status status="PASS" starttime="20220104 20:49:42.895" endtime="20220104 20:49:42.913"/>
</kw>
<kw name="Fill Text" library="Browser">
<arg>id=password</arg>
<arg>${user}[password]</arg>
<tag>PageContent</tag>
<tag>Setter</tag>
<doc>Clears and fills the given ``txt`` into the text field found by ``selector``.</doc>
<msg timestamp="20220104 20:49:42.913" level="INFO">Fills the text '12' in the given field.</msg>
<status status="PASS" starttime="20220104 20:49:42.913" endtime="20220104 20:49:42.933"/>
</kw>
<status status="PASS" starttime="20220104 20:49:42.859" endtime="20220104 20:49:42.933"/>
</kw>
<kw name="Submit Signup Form" library="SignupActions">
<kw name="Click" library="Browser">
<arg>css=.submit-button &gt;&gt; text=Cadastrar</arg>
<tag>PageContent</tag>
<tag>Setter</tag>
<doc>Simulates mouse click on the element found by ``selector``.</doc>
<status status="PASS" starttime="20220104 20:49:42.933" endtime="20220104 20:49:43.000"/>
</kw>
<status status="PASS" starttime="20220104 20:49:42.933" endtime="20220104 20:49:43.001"/>
</kw>
<kw name="Alert Span Should Be" library="_SharedActions">
<arg>Informe uma senha com pelo menos 6 caracteres</arg>
<kw name="Wait For Elements State" library="Browser">
<arg>css=span[class=error] &gt;&gt; text=${expected_alert}</arg>
<arg>visible</arg>
<arg>5</arg>
<tag>PageContent</tag>
<tag>Wait</tag>
<doc>Waits for the element found by ``selector`` to satisfy state option.</doc>
<msg timestamp="20220104 20:49:43.013" level="INFO">Wait for Element with selector: css=span[class=error] &gt;&gt; text=Informe uma senha com pelo menos 6 caracteres</msg>
<status status="PASS" starttime="20220104 20:49:43.001" endtime="20220104 20:49:43.013"/>
</kw>
<status status="PASS" starttime="20220104 20:49:43.001" endtime="20220104 20:49:43.013"/>
</kw>
<status status="PASS" starttime="20220104 20:49:42.435" endtime="20220104 20:49:43.013"/>
</kw>
<kw name="Signup With Short Pass">
<arg>123</arg>
<kw name="Create Dictionary" library="BuiltIn">
<var>${user}</var>
<arg>name=Evelyn</arg>
<arg>lastname=Basso</arg>
<arg>email=evelynbasso@hotmail.com</arg>
<arg>password=${short_pass}</arg>
<doc>Creates and returns a dictionary based on the given ``items``.</doc>
<msg timestamp="20220104 20:49:43.014" level="INFO">${user} = {'name': 'Evelyn', 'lastname': 'Basso', 'email': 'evelynbasso@hotmail.com', 'password': '123'}</msg>
<status status="PASS" starttime="20220104 20:49:43.013" endtime="20220104 20:49:43.014"/>
</kw>
<kw name="Go To Signup Form" library="SignupActions">
<kw name="Go To" library="Browser">
<arg>${BASE_URL}/signup</arg>
<tag>BrowserControl</tag>
<tag>Setter</tag>
<doc>Navigates to the given ``url``.</doc>
<msg timestamp="20220104 20:49:43.430" level="INFO">Successfully opened URL https://getgeeks-evelyn.herokuapp.com/signup</msg>
<status status="PASS" starttime="20220104 20:49:43.014" endtime="20220104 20:49:43.430"/>
</kw>
<kw name="Wait For Elements State" library="Browser">
<arg>css=.signup-form</arg>
<arg>visible</arg>
<arg>5</arg>
<tag>PageContent</tag>
<tag>Wait</tag>
<doc>Waits for the element found by ``selector`` to satisfy state option.</doc>
<msg timestamp="20220104 20:49:43.458" level="INFO">Wait for Element with selector: css=.signup-form</msg>
<status status="PASS" starttime="20220104 20:49:43.431" endtime="20220104 20:49:43.458"/>
</kw>
<status status="PASS" starttime="20220104 20:49:43.014" endtime="20220104 20:49:43.459"/>
</kw>
<kw name="Fill Signup Form" library="SignupActions">
<arg>${user}</arg>
<kw name="Fill Text" library="Browser">
<arg>id=name</arg>
<arg>${user}[name]</arg>
<tag>PageContent</tag>
<tag>Setter</tag>
<doc>Clears and fills the given ``txt`` into the text field found by ``selector``.</doc>
<msg timestamp="20220104 20:49:43.461" level="INFO">Fills the text 'Evelyn' in the given field.</msg>
<status status="PASS" starttime="20220104 20:49:43.460" endtime="20220104 20:49:43.480"/>
</kw>
<kw name="Fill Text" library="Browser">
<arg>id=lastname</arg>
<arg>${user}[lastname]</arg>
<tag>PageContent</tag>
<tag>Setter</tag>
<doc>Clears and fills the given ``txt`` into the text field found by ``selector``.</doc>
<msg timestamp="20220104 20:49:43.481" level="INFO">Fills the text 'Basso' in the given field.</msg>
<status status="PASS" starttime="20220104 20:49:43.481" endtime="20220104 20:49:43.499"/>
</kw>
<kw name="Fill Text" library="Browser">
<arg>id=email</arg>
<arg>${user}[email]</arg>
<tag>PageContent</tag>
<tag>Setter</tag>
<doc>Clears and fills the given ``txt`` into the text field found by ``selector``.</doc>
<msg timestamp="20220104 20:49:43.500" level="INFO">Fills the text 'evelynbasso@hotmail.com' in the given field.</msg>
<status status="PASS" starttime="20220104 20:49:43.500" endtime="20220104 20:49:43.517"/>
</kw>
<kw name="Fill Text" library="Browser">
<arg>id=password</arg>
<arg>${user}[password]</arg>
<tag>PageContent</tag>
<tag>Setter</tag>
<doc>Clears and fills the given ``txt`` into the text field found by ``selector``.</doc>
<msg timestamp="20220104 20:49:43.517" level="INFO">Fills the text '123' in the given field.</msg>
<status status="PASS" starttime="20220104 20:49:43.517" endtime="20220104 20:49:43.537"/>
</kw>
<status status="PASS" starttime="20220104 20:49:43.459" endtime="20220104 20:49:43.537"/>
</kw>
<kw name="Submit Signup Form" library="SignupActions">
<kw name="Click" library="Browser">
<arg>css=.submit-button &gt;&gt; text=Cadastrar</arg>
<tag>PageContent</tag>
<tag>Setter</tag>
<doc>Simulates mouse click on the element found by ``selector``.</doc>
<status status="PASS" starttime="20220104 20:49:43.538" endtime="20220104 20:49:43.591"/>
</kw>
<status status="PASS" starttime="20220104 20:49:43.537" endtime="20220104 20:49:43.592"/>
</kw>
<kw name="Alert Span Should Be" library="_SharedActions">
<arg>Informe uma senha com pelo menos 6 caracteres</arg>
<kw name="Wait For Elements State" library="Browser">
<arg>css=span[class=error] &gt;&gt; text=${expected_alert}</arg>
<arg>visible</arg>
<arg>5</arg>
<tag>PageContent</tag>
<tag>Wait</tag>
<doc>Waits for the element found by ``selector`` to satisfy state option.</doc>
<msg timestamp="20220104 20:49:43.605" level="INFO">Wait for Element with selector: css=span[class=error] &gt;&gt; text=Informe uma senha com pelo menos 6 caracteres</msg>
<status status="PASS" starttime="20220104 20:49:43.592" endtime="20220104 20:49:43.605"/>
</kw>
<status status="PASS" starttime="20220104 20:49:43.592" endtime="20220104 20:49:43.605"/>
</kw>
<status status="PASS" starttime="20220104 20:49:43.013" endtime="20220104 20:49:43.605"/>
</kw>
<kw name="Signup With Short Pass">
<arg>1234</arg>
<kw name="Create Dictionary" library="BuiltIn">
<var>${user}</var>
<arg>name=Evelyn</arg>
<arg>lastname=Basso</arg>
<arg>email=evelynbasso@hotmail.com</arg>
<arg>password=${short_pass}</arg>
<doc>Creates and returns a dictionary based on the given ``items``.</doc>
<msg timestamp="20220104 20:49:43.606" level="INFO">${user} = {'name': 'Evelyn', 'lastname': 'Basso', 'email': 'evelynbasso@hotmail.com', 'password': '1234'}</msg>
<status status="PASS" starttime="20220104 20:49:43.606" endtime="20220104 20:49:43.606"/>
</kw>
<kw name="Go To Signup Form" library="SignupActions">
<kw name="Go To" library="Browser">
<arg>${BASE_URL}/signup</arg>
<tag>BrowserControl</tag>
<tag>Setter</tag>
<doc>Navigates to the given ``url``.</doc>
<msg timestamp="20220104 20:49:44.177" level="INFO">Successfully opened URL https://getgeeks-evelyn.herokuapp.com/signup</msg>
<status status="PASS" starttime="20220104 20:49:43.607" endtime="20220104 20:49:44.177"/>
</kw>
<kw name="Wait For Elements State" library="Browser">
<arg>css=.signup-form</arg>
<arg>visible</arg>
<arg>5</arg>
<tag>PageContent</tag>
<tag>Wait</tag>
<doc>Waits for the element found by ``selector`` to satisfy state option.</doc>
<msg timestamp="20220104 20:49:44.203" level="INFO">Wait for Element with selector: css=.signup-form</msg>
<status status="PASS" starttime="20220104 20:49:44.178" endtime="20220104 20:49:44.203"/>
</kw>
<status status="PASS" starttime="20220104 20:49:43.607" endtime="20220104 20:49:44.203"/>
</kw>
<kw name="Fill Signup Form" library="SignupActions">
<arg>${user}</arg>
<kw name="Fill Text" library="Browser">
<arg>id=name</arg>
<arg>${user}[name]</arg>
<tag>PageContent</tag>
<tag>Setter</tag>
<doc>Clears and fills the given ``txt`` into the text field found by ``selector``.</doc>
<msg timestamp="20220104 20:49:44.204" level="INFO">Fills the text 'Evelyn' in the given field.</msg>
<status status="PASS" starttime="20220104 20:49:44.204" endtime="20220104 20:49:44.219"/>
</kw>
<kw name="Fill Text" library="Browser">
<arg>id=lastname</arg>
<arg>${user}[lastname]</arg>
<tag>PageContent</tag>
<tag>Setter</tag>
<doc>Clears and fills the given ``txt`` into the text field found by ``selector``.</doc>
<msg timestamp="20220104 20:49:44.219" level="INFO">Fills the text 'Basso' in the given field.</msg>
<status status="PASS" starttime="20220104 20:49:44.219" endtime="20220104 20:49:44.236"/>
</kw>
<kw name="Fill Text" library="Browser">
<arg>id=email</arg>
<arg>${user}[email]</arg>
<tag>PageContent</tag>
<tag>Setter</tag>
<doc>Clears and fills the given ``txt`` into the text field found by ``selector``.</doc>
<msg timestamp="20220104 20:49:44.237" level="INFO">Fills the text 'evelynbasso@hotmail.com' in the given field.</msg>
<status status="PASS" starttime="20220104 20:49:44.237" endtime="20220104 20:49:44.252"/>
</kw>
<kw name="Fill Text" library="Browser">
<arg>id=password</arg>
<arg>${user}[password]</arg>
<tag>PageContent</tag>
<tag>Setter</tag>
<doc>Clears and fills the given ``txt`` into the text field found by ``selector``.</doc>
<msg timestamp="20220104 20:49:44.253" level="INFO">Fills the text '1234' in the given field.</msg>
<status status="PASS" starttime="20220104 20:49:44.253" endtime="20220104 20:49:44.272"/>
</kw>
<status status="PASS" starttime="20220104 20:49:44.203" endtime="20220104 20:49:44.273"/>
</kw>
<kw name="Submit Signup Form" library="SignupActions">
<kw name="Click" library="Browser">
<arg>css=.submit-button &gt;&gt; text=Cadastrar</arg>
<tag>PageContent</tag>
<tag>Setter</tag>
<doc>Simulates mouse click on the element found by ``selector``.</doc>
<status status="PASS" starttime="20220104 20:49:44.273" endtime="20220104 20:49:44.333"/>
</kw>
<status status="PASS" starttime="20220104 20:49:44.273" endtime="20220104 20:49:44.334"/>
</kw>
<kw name="Alert Span Should Be" library="_SharedActions">
<arg>Informe uma senha com pelo menos 6 caracteres</arg>
<kw name="Wait For Elements State" library="Browser">
<arg>css=span[class=error] &gt;&gt; text=${expected_alert}</arg>
<arg>visible</arg>
<arg>5</arg>
<tag>PageContent</tag>
<tag>Wait</tag>
<doc>Waits for the element found by ``selector`` to satisfy state option.</doc>
<msg timestamp="20220104 20:49:44.350" level="INFO">Wait for Element with selector: css=span[class=error] &gt;&gt; text=Informe uma senha com pelo menos 6 caracteres</msg>
<status status="PASS" starttime="20220104 20:49:44.335" endtime="20220104 20:49:44.350"/>
</kw>
<status status="PASS" starttime="20220104 20:49:44.334" endtime="20220104 20:49:44.350"/>
</kw>
<status status="PASS" starttime="20220104 20:49:43.605" endtime="20220104 20:49:44.350"/>
</kw>
<kw name="Signup With Short Pass">
<arg>12345</arg>
<kw name="Create Dictionary" library="BuiltIn">
<var>${user}</var>
<arg>name=Evelyn</arg>
<arg>lastname=Basso</arg>
<arg>email=evelynbasso@hotmail.com</arg>
<arg>password=${short_pass}</arg>
<doc>Creates and returns a dictionary based on the given ``items``.</doc>
<msg timestamp="20220104 20:49:44.351" level="INFO">${user} = {'name': 'Evelyn', 'lastname': 'Basso', 'email': 'evelynbasso@hotmail.com', 'password': '12345'}</msg>
<status status="PASS" starttime="20220104 20:49:44.351" endtime="20220104 20:49:44.351"/>
</kw>
<kw name="Go To Signup Form" library="SignupActions">
<kw name="Go To" library="Browser">
<arg>${BASE_URL}/signup</arg>
<tag>BrowserControl</tag>
<tag>Setter</tag>
<doc>Navigates to the given ``url``.</doc>
<msg timestamp="20220104 20:49:45.330" level="INFO">Successfully opened URL https://getgeeks-evelyn.herokuapp.com/signup</msg>
<status status="PASS" starttime="20220104 20:49:44.352" endtime="20220104 20:49:45.330"/>
</kw>
<kw name="Wait For Elements State" library="Browser">
<arg>css=.signup-form</arg>
<arg>visible</arg>
<arg>5</arg>
<tag>PageContent</tag>
<tag>Wait</tag>
<doc>Waits for the element found by ``selector`` to satisfy state option.</doc>
<msg timestamp="20220104 20:49:45.348" level="INFO">Wait for Element with selector: css=.signup-form</msg>
<status status="PASS" starttime="20220104 20:49:45.330" endtime="20220104 20:49:45.348"/>
</kw>
<status status="PASS" starttime="20220104 20:49:44.351" endtime="20220104 20:49:45.349"/>
</kw>
<kw name="Fill Signup Form" library="SignupActions">
<arg>${user}</arg>
<kw name="Fill Text" library="Browser">
<arg>id=name</arg>
<arg>${user}[name]</arg>
<tag>PageContent</tag>
<tag>Setter</tag>
<doc>Clears and fills the given ``txt`` into the text field found by ``selector``.</doc>
<msg timestamp="20220104 20:49:45.350" level="INFO">Fills the text 'Evelyn' in the given field.</msg>
<status status="PASS" starttime="20220104 20:49:45.349" endtime="20220104 20:49:45.366"/>
</kw>
<kw name="Fill Text" library="Browser">
<arg>id=lastname</arg>
<arg>${user}[lastname]</arg>
<tag>PageContent</tag>
<tag>Setter</tag>
<doc>Clears and fills the given ``txt`` into the text field found by ``selector``.</doc>
<msg timestamp="20220104 20:49:45.367" level="INFO">Fills the text 'Basso' in the given field.</msg>
<status status="PASS" starttime="20220104 20:49:45.367" endtime="20220104 20:49:45.383"/>
</kw>
<kw name="Fill Text" library="Browser">
<arg>id=email</arg>
<arg>${user}[email]</arg>
<tag>PageContent</tag>
<tag>Setter</tag>
<doc>Clears and fills the given ``txt`` into the text field found by ``selector``.</doc>
<msg timestamp="20220104 20:49:45.384" level="INFO">Fills the text 'evelynbasso@hotmail.com' in the given field.</msg>
<status status="PASS" starttime="20220104 20:49:45.384" endtime="20220104 20:49:45.401"/>
</kw>
<kw name="Fill Text" library="Browser">
<arg>id=password</arg>
<arg>${user}[password]</arg>
<tag>PageContent</tag>
<tag>Setter</tag>
<doc>Clears and fills the given ``txt`` into the text field found by ``selector``.</doc>
<msg timestamp="20220104 20:49:45.402" level="INFO">Fills the text '12345' in the given field.</msg>
<status status="PASS" starttime="20220104 20:49:45.401" endtime="20220104 20:49:45.417"/>
</kw>
<status status="PASS" starttime="20220104 20:49:45.349" endtime="20220104 20:49:45.417"/>
</kw>
<kw name="Submit Signup Form" library="SignupActions">
<kw name="Click" library="Browser">
<arg>css=.submit-button &gt;&gt; text=Cadastrar</arg>
<tag>PageContent</tag>
<tag>Setter</tag>
<doc>Simulates mouse click on the element found by ``selector``.</doc>
<status status="PASS" starttime="20220104 20:49:45.418" endtime="20220104 20:49:45.476"/>
</kw>
<status status="PASS" starttime="20220104 20:49:45.418" endtime="20220104 20:49:45.476"/>
</kw>
<kw name="Alert Span Should Be" library="_SharedActions">
<arg>Informe uma senha com pelo menos 6 caracteres</arg>
<kw name="Wait For Elements State" library="Browser">
<arg>css=span[class=error] &gt;&gt; text=${expected_alert}</arg>
<arg>visible</arg>
<arg>5</arg>
<tag>PageContent</tag>
<tag>Wait</tag>
<doc>Waits for the element found by ``selector`` to satisfy state option.</doc>
<msg timestamp="20220104 20:49:45.490" level="INFO">Wait for Element with selector: css=span[class=error] &gt;&gt; text=Informe uma senha com pelo menos 6 caracteres</msg>
<status status="PASS" starttime="20220104 20:49:45.477" endtime="20220104 20:49:45.490"/>
</kw>
<status status="PASS" starttime="20220104 20:49:45.477" endtime="20220104 20:49:45.490"/>
</kw>
<status status="PASS" starttime="20220104 20:49:44.350" endtime="20220104 20:49:45.490"/>
</kw>
<kw name="Signup With Short Pass">
<arg>a</arg>
<kw name="Create Dictionary" library="BuiltIn">
<var>${user}</var>
<arg>name=Evelyn</arg>
<arg>lastname=Basso</arg>
<arg>email=evelynbasso@hotmail.com</arg>
<arg>password=${short_pass}</arg>
<doc>Creates and returns a dictionary based on the given ``items``.</doc>
<msg timestamp="20220104 20:49:45.492" level="INFO">${user} = {'name': 'Evelyn', 'lastname': 'Basso', 'email': 'evelynbasso@hotmail.com', 'password': 'a'}</msg>
<status status="PASS" starttime="20220104 20:49:45.491" endtime="20220104 20:49:45.492"/>
</kw>
<kw name="Go To Signup Form" library="SignupActions">
<kw name="Go To" library="Browser">
<arg>${BASE_URL}/signup</arg>
<tag>BrowserControl</tag>
<tag>Setter</tag>
<doc>Navigates to the given ``url``.</doc>
<msg timestamp="20220104 20:49:45.912" level="INFO">Successfully opened URL https://getgeeks-evelyn.herokuapp.com/signup</msg>
<status status="PASS" starttime="20220104 20:49:45.493" endtime="20220104 20:49:45.912"/>
</kw>
<kw name="Wait For Elements State" library="Browser">
<arg>css=.signup-form</arg>
<arg>visible</arg>
<arg>5</arg>
<tag>PageContent</tag>
<tag>Wait</tag>
<doc>Waits for the element found by ``selector`` to satisfy state option.</doc>
<msg timestamp="20220104 20:49:45.933" level="INFO">Wait for Element with selector: css=.signup-form</msg>
<status status="PASS" starttime="20220104 20:49:45.912" endtime="20220104 20:49:45.933"/>
</kw>
<status status="PASS" starttime="20220104 20:49:45.492" endtime="20220104 20:49:45.933"/>
</kw>
<kw name="Fill Signup Form" library="SignupActions">
<arg>${user}</arg>
<kw name="Fill Text" library="Browser">
<arg>id=name</arg>
<arg>${user}[name]</arg>
<tag>PageContent</tag>
<tag>Setter</tag>
<doc>Clears and fills the given ``txt`` into the text field found by ``selector``.</doc>
<msg timestamp="20220104 20:49:45.934" level="INFO">Fills the text 'Evelyn' in the given field.</msg>
<status status="PASS" starttime="20220104 20:49:45.934" endtime="20220104 20:49:45.950"/>
</kw>
<kw name="Fill Text" library="Browser">
<arg>id=lastname</arg>
<arg>${user}[lastname]</arg>
<tag>PageContent</tag>
<tag>Setter</tag>
<doc>Clears and fills the given ``txt`` into the text field found by ``selector``.</doc>
<msg timestamp="20220104 20:49:45.951" level="INFO">Fills the text 'Basso' in the given field.</msg>
<status status="PASS" starttime="20220104 20:49:45.951" endtime="20220104 20:49:45.967"/>
</kw>
<kw name="Fill Text" library="Browser">
<arg>id=email</arg>
<arg>${user}[email]</arg>
<tag>PageContent</tag>
<tag>Setter</tag>
<doc>Clears and fills the given ``txt`` into the text field found by ``selector``.</doc>
<msg timestamp="20220104 20:49:45.968" level="INFO">Fills the text 'evelynbasso@hotmail.com' in the given field.</msg>
<status status="PASS" starttime="20220104 20:49:45.968" endtime="20220104 20:49:45.983"/>
</kw>
<kw name="Fill Text" library="Browser">
<arg>id=password</arg>
<arg>${user}[password]</arg>
<tag>PageContent</tag>
<tag>Setter</tag>
<doc>Clears and fills the given ``txt`` into the text field found by ``selector``.</doc>
<msg timestamp="20220104 20:49:45.984" level="INFO">Fills the text 'a' in the given field.</msg>
<status status="PASS" starttime="20220104 20:49:45.983" endtime="20220104 20:49:46.002"/>
</kw>
<status status="PASS" starttime="20220104 20:49:45.933" endtime="20220104 20:49:46.002"/>
</kw>
<kw name="Submit Signup Form" library="SignupActions">
<kw name="Click" library="Browser">
<arg>css=.submit-button &gt;&gt; text=Cadastrar</arg>
<tag>PageContent</tag>
<tag>Setter</tag>
<doc>Simulates mouse click on the element found by ``selector``.</doc>
<status status="PASS" starttime="20220104 20:49:46.003" endtime="20220104 20:49:46.063"/>
</kw>
<status status="PASS" starttime="20220104 20:49:46.002" endtime="20220104 20:49:46.063"/>
</kw>
<kw name="Alert Span Should Be" library="_SharedActions">
<arg>Informe uma senha com pelo menos 6 caracteres</arg>
<kw name="Wait For Elements State" library="Browser">
<arg>css=span[class=error] &gt;&gt; text=${expected_alert}</arg>
<arg>visible</arg>
<arg>5</arg>
<tag>PageContent</tag>
<tag>Wait</tag>
<doc>Waits for the element found by ``selector`` to satisfy state option.</doc>
<msg timestamp="20220104 20:49:46.074" level="INFO">Wait for Element with selector: css=span[class=error] &gt;&gt; text=Informe uma senha com pelo menos 6 caracteres</msg>
<status status="PASS" starttime="20220104 20:49:46.064" endtime="20220104 20:49:46.074"/>
</kw>
<status status="PASS" starttime="20220104 20:49:46.063" endtime="20220104 20:49:46.074"/>
</kw>
<status status="PASS" starttime="20220104 20:49:45.491" endtime="20220104 20:49:46.074"/>
</kw>
<kw name="Signup With Short Pass">
<arg>a2</arg>
<kw name="Create Dictionary" library="BuiltIn">
<var>${user}</var>
<arg>name=Evelyn</arg>
<arg>lastname=Basso</arg>
<arg>email=evelynbasso@hotmail.com</arg>
<arg>password=${short_pass}</arg>
<doc>Creates and returns a dictionary based on the given ``items``.</doc>
<msg timestamp="20220104 20:49:46.075" level="INFO">${user} = {'name': 'Evelyn', 'lastname': 'Basso', 'email': 'evelynbasso@hotmail.com', 'password': 'a2'}</msg>
<status status="PASS" starttime="20220104 20:49:46.075" endtime="20220104 20:49:46.075"/>
</kw>
<kw name="Go To Signup Form" library="SignupActions">
<kw name="Go To" library="Browser">
<arg>${BASE_URL}/signup</arg>
<tag>BrowserControl</tag>
<tag>Setter</tag>
<doc>Navigates to the given ``url``.</doc>
<msg timestamp="20220104 20:49:46.499" level="INFO">Successfully opened URL https://getgeeks-evelyn.herokuapp.com/signup</msg>
<status status="PASS" starttime="20220104 20:49:46.076" endtime="20220104 20:49:46.499"/>
</kw>
<kw name="Wait For Elements State" library="Browser">
<arg>css=.signup-form</arg>
<arg>visible</arg>
<arg>5</arg>
<tag>PageContent</tag>
<tag>Wait</tag>
<doc>Waits for the element found by ``selector`` to satisfy state option.</doc>
<msg timestamp="20220104 20:49:46.516" level="INFO">Wait for Element with selector: css=.signup-form</msg>
<status status="PASS" starttime="20220104 20:49:46.499" endtime="20220104 20:49:46.516"/>
</kw>
<status status="PASS" starttime="20220104 20:49:46.076" endtime="20220104 20:49:46.517"/>
</kw>
<kw name="Fill Signup Form" library="SignupActions">
<arg>${user}</arg>
<kw name="Fill Text" library="Browser">
<arg>id=name</arg>
<arg>${user}[name]</arg>
<tag>PageContent</tag>
<tag>Setter</tag>
<doc>Clears and fills the given ``txt`` into the text field found by ``selector``.</doc>
<msg timestamp="20220104 20:49:46.518" level="INFO">Fills the text 'Evelyn' in the given field.</msg>
<status status="PASS" starttime="20220104 20:49:46.517" endtime="20220104 20:49:46.534"/>
</kw>
<kw name="Fill Text" library="Browser">
<arg>id=lastname</arg>
<arg>${user}[lastname]</arg>
<tag>PageContent</tag>
<tag>Setter</tag>
<doc>Clears and fills the given ``txt`` into the text field found by ``selector``.</doc>
<msg timestamp="20220104 20:49:46.535" level="INFO">Fills the text 'Basso' in the given field.</msg>
<status status="PASS" starttime="20220104 20:49:46.534" endtime="20220104 20:49:46.551"/>
</kw>
<kw name="Fill Text" library="Browser">
<arg>id=email</arg>
<arg>${user}[email]</arg>
<tag>PageContent</tag>
<tag>Setter</tag>
<doc>Clears and fills the given ``txt`` into the text field found by ``selector``.</doc>
<msg timestamp="20220104 20:49:46.552" level="INFO">Fills the text 'evelynbasso@hotmail.com' in the given field.</msg>
<status status="PASS" starttime="20220104 20:49:46.551" endtime="20220104 20:49:46.569"/>
</kw>
<kw name="Fill Text" library="Browser">
<arg>id=password</arg>
<arg>${user}[password]</arg>
<tag>PageContent</tag>
<tag>Setter</tag>
<doc>Clears and fills the given ``txt`` into the text field found by ``selector``.</doc>
<msg timestamp="20220104 20:49:46.570" level="INFO">Fills the text 'a2' in the given field.</msg>
<status status="PASS" starttime="20220104 20:49:46.569" endtime="20220104 20:49:46.585"/>
</kw>
<status status="PASS" starttime="20220104 20:49:46.517" endtime="20220104 20:49:46.585"/>
</kw>
<kw name="Submit Signup Form" library="SignupActions">
<kw name="Click" library="Browser">
<arg>css=.submit-button &gt;&gt; text=Cadastrar</arg>
<tag>PageContent</tag>
<tag>Setter</tag>
<doc>Simulates mouse click on the element found by ``selector``.</doc>
<status status="PASS" starttime="20220104 20:49:46.586" endtime="20220104 20:49:46.645"/>
</kw>
<status status="PASS" starttime="20220104 20:49:46.585" endtime="20220104 20:49:46.645"/>
</kw>
<kw name="Alert Span Should Be" library="_SharedActions">
<arg>Informe uma senha com pelo menos 6 caracteres</arg>
<kw name="Wait For Elements State" library="Browser">
<arg>css=span[class=error] &gt;&gt; text=${expected_alert}</arg>
<arg>visible</arg>
<arg>5</arg>
<tag>PageContent</tag>
<tag>Wait</tag>
<doc>Waits for the element found by ``selector`` to satisfy state option.</doc>
<msg timestamp="20220104 20:49:46.656" level="INFO">Wait for Element with selector: css=span[class=error] &gt;&gt; text=Informe uma senha com pelo menos 6 caracteres</msg>
<status status="PASS" starttime="20220104 20:49:46.646" endtime="20220104 20:49:46.657"/>
</kw>
<status status="PASS" starttime="20220104 20:49:46.645" endtime="20220104 20:49:46.657"/>
</kw>
<status status="PASS" starttime="20220104 20:49:46.074" endtime="20220104 20:49:46.657"/>
</kw>
<kw name="Signup With Short Pass">
<arg>ab2</arg>
<kw name="Create Dictionary" library="BuiltIn">
<var>${user}</var>
<arg>name=Evelyn</arg>
<arg>lastname=Basso</arg>
<arg>email=evelynbasso@hotmail.com</arg>
<arg>password=${short_pass}</arg>
<doc>Creates and returns a dictionary based on the given ``items``.</doc>
<msg timestamp="20220104 20:49:46.660" level="INFO">${user} = {'name': 'Evelyn', 'lastname': 'Basso', 'email': 'evelynbasso@hotmail.com', 'password': 'ab2'}</msg>
<status status="PASS" starttime="20220104 20:49:46.659" endtime="20220104 20:49:46.660"/>
</kw>
<kw name="Go To Signup Form" library="SignupActions">
<kw name="Go To" library="Browser">
<arg>${BASE_URL}/signup</arg>
<tag>BrowserControl</tag>
<tag>Setter</tag>
<doc>Navigates to the given ``url``.</doc>
<msg timestamp="20220104 20:49:47.117" level="INFO">Successfully opened URL https://getgeeks-evelyn.herokuapp.com/signup</msg>
<status status="PASS" starttime="20220104 20:49:46.662" endtime="20220104 20:49:47.117"/>
</kw>
<kw name="Wait For Elements State" library="Browser">
<arg>css=.signup-form</arg>
<arg>visible</arg>
<arg>5</arg>
<tag>PageContent</tag>
<tag>Wait</tag>
<doc>Waits for the element found by ``selector`` to satisfy state option.</doc>
<msg timestamp="20220104 20:49:47.145" level="INFO">Wait for Element with selector: css=.signup-form</msg>
<status status="PASS" starttime="20220104 20:49:47.118" endtime="20220104 20:49:47.145"/>
</kw>
<status status="PASS" starttime="20220104 20:49:46.660" endtime="20220104 20:49:47.145"/>
</kw>
<kw name="Fill Signup Form" library="SignupActions">
<arg>${user}</arg>
<kw name="Fill Text" library="Browser">
<arg>id=name</arg>
<arg>${user}[name]</arg>
<tag>PageContent</tag>
<tag>Setter</tag>
<doc>Clears and fills the given ``txt`` into the text field found by ``selector``.</doc>
<msg timestamp="20220104 20:49:47.146" level="INFO">Fills the text 'Evelyn' in the given field.</msg>
<status status="PASS" starttime="20220104 20:49:47.146" endtime="20220104 20:49:47.164"/>
</kw>
<kw name="Fill Text" library="Browser">
<arg>id=lastname</arg>
<arg>${user}[lastname]</arg>
<tag>PageContent</tag>
<tag>Setter</tag>
<doc>Clears and fills the given ``txt`` into the text field found by ``selector``.</doc>
<msg timestamp="20220104 20:49:47.165" level="INFO">Fills the text 'Basso' in the given field.</msg>
<status status="PASS" starttime="20220104 20:49:47.165" endtime="20220104 20:49:47.180"/>
</kw>
<kw name="Fill Text" library="Browser">
<arg>id=email</arg>
<arg>${user}[email]</arg>
<tag>PageContent</tag>
<tag>Setter</tag>
<doc>Clears and fills the given ``txt`` into the text field found by ``selector``.</doc>
<msg timestamp="20220104 20:49:47.181" level="INFO">Fills the text 'evelynbasso@hotmail.com' in the given field.</msg>
<status status="PASS" starttime="20220104 20:49:47.181" endtime="20220104 20:49:47.198"/>
</kw>
<kw name="Fill Text" library="Browser">
<arg>id=password</arg>
<arg>${user}[password]</arg>
<tag>PageContent</tag>
<tag>Setter</tag>
<doc>Clears and fills the given ``txt`` into the text field found by ``selector``.</doc>
<msg timestamp="20220104 20:49:47.199" level="INFO">Fills the text 'ab2' in the given field.</msg>
<status status="PASS" starttime="20220104 20:49:47.198" endtime="20220104 20:49:47.215"/>
</kw>
<status status="PASS" starttime="20220104 20:49:47.146" endtime="20220104 20:49:47.215"/>
</kw>
<kw name="Submit Signup Form" library="SignupActions">
<kw name="Click" library="Browser">
<arg>css=.submit-button &gt;&gt; text=Cadastrar</arg>
<tag>PageContent</tag>
<tag>Setter</tag>
<doc>Simulates mouse click on the element found by ``selector``.</doc>
<status status="PASS" starttime="20220104 20:49:47.216" endtime="20220104 20:49:47.262"/>
</kw>
<status status="PASS" starttime="20220104 20:49:47.215" endtime="20220104 20:49:47.262"/>
</kw>
<kw name="Alert Span Should Be" library="_SharedActions">
<arg>Informe uma senha com pelo menos 6 caracteres</arg>
<kw name="Wait For Elements State" library="Browser">
<arg>css=span[class=error] &gt;&gt; text=${expected_alert}</arg>
<arg>visible</arg>
<arg>5</arg>
<tag>PageContent</tag>
<tag>Wait</tag>
<doc>Waits for the element found by ``selector`` to satisfy state option.</doc>
<msg timestamp="20220104 20:49:47.272" level="INFO">Wait for Element with selector: css=span[class=error] &gt;&gt; text=Informe uma senha com pelo menos 6 caracteres</msg>
<status status="PASS" starttime="20220104 20:49:47.263" endtime="20220104 20:49:47.272"/>
</kw>
<status status="PASS" starttime="20220104 20:49:47.262" endtime="20220104 20:49:47.273"/>
</kw>
<status status="PASS" starttime="20220104 20:49:46.659" endtime="20220104 20:49:47.273"/>
</kw>
<kw name="Signup With Short Pass">
<arg>ab2c</arg>
<kw name="Create Dictionary" library="BuiltIn">
<var>${user}</var>
<arg>name=Evelyn</arg>
<arg>lastname=Basso</arg>
<arg>email=evelynbasso@hotmail.com</arg>
<arg>password=${short_pass}</arg>
<doc>Creates and returns a dictionary based on the given ``items``.</doc>
<msg timestamp="20220104 20:49:47.274" level="INFO">${user} = {'name': 'Evelyn', 'lastname': 'Basso', 'email': 'evelynbasso@hotmail.com', 'password': 'ab2c'}</msg>
<status status="PASS" starttime="20220104 20:49:47.273" endtime="20220104 20:49:47.274"/>
</kw>
<kw name="Go To Signup Form" library="SignupActions">
<kw name="Go To" library="Browser">
<arg>${BASE_URL}/signup</arg>
<tag>BrowserControl</tag>
<tag>Setter</tag>
<doc>Navigates to the given ``url``.</doc>
<msg timestamp="20220104 20:49:47.707" level="INFO">Successfully opened URL https://getgeeks-evelyn.herokuapp.com/signup</msg>
<status status="PASS" starttime="20220104 20:49:47.274" endtime="20220104 20:49:47.707"/>
</kw>
<kw name="Wait For Elements State" library="Browser">
<arg>css=.signup-form</arg>
<arg>visible</arg>
<arg>5</arg>
<tag>PageContent</tag>
<tag>Wait</tag>
<doc>Waits for the element found by ``selector`` to satisfy state option.</doc>
<msg timestamp="20220104 20:49:47.723" level="INFO">Wait for Element with selector: css=.signup-form</msg>
<status status="PASS" starttime="20220104 20:49:47.708" endtime="20220104 20:49:47.724"/>
</kw>
<status status="PASS" starttime="20220104 20:49:47.274" endtime="20220104 20:49:47.724"/>
</kw>
<kw name="Fill Signup Form" library="SignupActions">
<arg>${user}</arg>
<kw name="Fill Text" library="Browser">
<arg>id=name</arg>
<arg>${user}[name]</arg>
<tag>PageContent</tag>
<tag>Setter</tag>
<doc>Clears and fills the given ``txt`` into the text field found by ``selector``.</doc>
<msg timestamp="20220104 20:49:47.726" level="INFO">Fills the text 'Evelyn' in the given field.</msg>
<status status="PASS" starttime="20220104 20:49:47.725" endtime="20220104 20:49:47.741"/>
</kw>
<kw name="Fill Text" library="Browser">
<arg>id=lastname</arg>
<arg>${user}[lastname]</arg>
<tag>PageContent</tag>
<tag>Setter</tag>
<doc>Clears and fills the given ``txt`` into the text field found by ``selector``.</doc>
<msg timestamp="20220104 20:49:47.742" level="INFO">Fills the text 'Basso' in the given field.</msg>
<status status="PASS" starttime="20220104 20:49:47.742" endtime="20220104 20:49:47.757"/>
</kw>
<kw name="Fill Text" library="Browser">
<arg>id=email</arg>
<arg>${user}[email]</arg>
<tag>PageContent</tag>
<tag>Setter</tag>
<doc>Clears and fills the given ``txt`` into the text field found by ``selector``.</doc>
<msg timestamp="20220104 20:49:47.758" level="INFO">Fills the text 'evelynbasso@hotmail.com' in the given field.</msg>
<status status="PASS" starttime="20220104 20:49:47.757" endtime="20220104 20:49:47.777"/>
</kw>
<kw name="Fill Text" library="Browser">
<arg>id=password</arg>
<arg>${user}[password]</arg>
<tag>PageContent</tag>
<tag>Setter</tag>
<doc>Clears and fills the given ``txt`` into the text field found by ``selector``.</doc>
<msg timestamp="20220104 20:49:47.777" level="INFO">Fills the text 'ab2c' in the given field.</msg>
<status status="PASS" starttime="20220104 20:49:47.777" endtime="20220104 20:49:47.795"/>
</kw>
<status status="PASS" starttime="20220104 20:49:47.725" endtime="20220104 20:49:47.796"/>
</kw>
<kw name="Submit Signup Form" library="SignupActions">
<kw name="Click" library="Browser">
<arg>css=.submit-button &gt;&gt; text=Cadastrar</arg>
<tag>PageContent</tag>
<tag>Setter</tag>
<doc>Simulates mouse click on the element found by ``selector``.</doc>
<status status="PASS" starttime="20220104 20:49:47.796" endtime="20220104 20:49:47.843"/>
</kw>
<status status="PASS" starttime="20220104 20:49:47.796" endtime="20220104 20:49:47.844"/>
</kw>
<kw name="Alert Span Should Be" library="_SharedActions">
<arg>Informe uma senha com pelo menos 6 caracteres</arg>
<kw name="Wait For Elements State" library="Browser">
<arg>css=span[class=error] &gt;&gt; text=${expected_alert}</arg>
<arg>visible</arg>
<arg>5</arg>
<tag>PageContent</tag>
<tag>Wait</tag>
<doc>Waits for the element found by ``selector`` to satisfy state option.</doc>
<msg timestamp="20220104 20:49:47.856" level="INFO">Wait for Element with selector: css=span[class=error] &gt;&gt; text=Informe uma senha com pelo menos 6 caracteres</msg>
<status status="PASS" starttime="20220104 20:49:47.845" endtime="20220104 20:49:47.857"/>
</kw>
<status status="PASS" starttime="20220104 20:49:47.844" endtime="20220104 20:49:47.857"/>
</kw>
<status status="PASS" starttime="20220104 20:49:47.273" endtime="20220104 20:49:47.857"/>
</kw>
<kw name="Signup With Short Pass">
<arg>a23bc</arg>
<kw name="Create Dictionary" library="BuiltIn">
<var>${user}</var>
<arg>name=Evelyn</arg>
<arg>lastname=Basso</arg>
<arg>email=evelynbasso@hotmail.com</arg>
<arg>password=${short_pass}</arg>
<doc>Creates and returns a dictionary based on the given ``items``.</doc>
<msg timestamp="20220104 20:49:47.859" level="INFO">${user} = {'name': 'Evelyn', 'lastname': 'Basso', 'email': 'evelynbasso@hotmail.com', 'password': 'a23bc'}</msg>
<status status="PASS" starttime="20220104 20:49:47.858" endtime="20220104 20:49:47.859"/>
</kw>
<kw name="Go To Signup Form" library="SignupActions">
<kw name="Go To" library="Browser">
<arg>${BASE_URL}/signup</arg>
<tag>BrowserControl</tag>
<tag>Setter</tag>
<doc>Navigates to the given ``url``.</doc>
<msg timestamp="20220104 20:49:48.310" level="INFO">Successfully opened URL https://getgeeks-evelyn.herokuapp.com/signup</msg>
<status status="PASS" starttime="20220104 20:49:47.860" endtime="20220104 20:49:48.310"/>
</kw>
<kw name="Wait For Elements State" library="Browser">
<arg>css=.signup-form</arg>
<arg>visible</arg>
<arg>5</arg>
<tag>PageContent</tag>
<tag>Wait</tag>
<doc>Waits for the element found by ``selector`` to satisfy state option.</doc>
<msg timestamp="20220104 20:49:48.330" level="INFO">Wait for Element with selector: css=.signup-form</msg>
<status status="PASS" starttime="20220104 20:49:48.311" endtime="20220104 20:49:48.331"/>
</kw>
<status status="PASS" starttime="20220104 20:49:47.859" endtime="20220104 20:49:48.331"/>
</kw>
<kw name="Fill Signup Form" library="SignupActions">
<arg>${user}</arg>
<kw name="Fill Text" library="Browser">
<arg>id=name</arg>
<arg>${user}[name]</arg>
<tag>PageContent</tag>
<tag>Setter</tag>
<doc>Clears and fills the given ``txt`` into the text field found by ``selector``.</doc>
<msg timestamp="20220104 20:49:48.332" level="INFO">Fills the text 'Evelyn' in the given field.</msg>
<status status="PASS" starttime="20220104 20:49:48.332" endtime="20220104 20:49:48.347"/>
</kw>
<kw name="Fill Text" library="Browser">
<arg>id=lastname</arg>
<arg>${user}[lastname]</arg>
<tag>PageContent</tag>
<tag>Setter</tag>
<doc>Clears and fills the given ``txt`` into the text field found by ``selector``.</doc>
<msg timestamp="20220104 20:49:48.348" level="INFO">Fills the text 'Basso' in the given field.</msg>
<status status="PASS" starttime="20220104 20:49:48.347" endtime="20220104 20:49:48.363"/>
</kw>
<kw name="Fill Text" library="Browser">
<arg>id=email</arg>
<arg>${user}[email]</arg>
<tag>PageContent</tag>
<tag>Setter</tag>
<doc>Clears and fills the given ``txt`` into the text field found by ``selector``.</doc>
<msg timestamp="20220104 20:49:48.364" level="INFO">Fills the text 'evelynbasso@hotmail.com' in the given field.</msg>
<status status="PASS" starttime="20220104 20:49:48.364" endtime="20220104 20:49:48.379"/>
</kw>
<kw name="Fill Text" library="Browser">
<arg>id=password</arg>
<arg>${user}[password]</arg>
<tag>PageContent</tag>
<tag>Setter</tag>
<doc>Clears and fills the given ``txt`` into the text field found by ``selector``.</doc>
<msg timestamp="20220104 20:49:48.380" level="INFO">Fills the text 'a23bc' in the given field.</msg>
<status status="PASS" starttime="20220104 20:49:48.379" endtime="20220104 20:49:48.396"/>
</kw>
<status status="PASS" starttime="20220104 20:49:48.331" endtime="20220104 20:49:48.397"/>
</kw>
<kw name="Submit Signup Form" library="SignupActions">
<kw name="Click" library="Browser">
<arg>css=.submit-button &gt;&gt; text=Cadastrar</arg>
<tag>PageContent</tag>
<tag>Setter</tag>
<doc>Simulates mouse click on the element found by ``selector``.</doc>
<status status="PASS" starttime="20220104 20:49:48.397" endtime="20220104 20:49:48.445"/>
</kw>
<status status="PASS" starttime="20220104 20:49:48.397" endtime="20220104 20:49:48.445"/>
</kw>
<kw name="Alert Span Should Be" library="_SharedActions">
<arg>Informe uma senha com pelo menos 6 caracteres</arg>
<kw name="Wait For Elements State" library="Browser">
<arg>css=span[class=error] &gt;&gt; text=${expected_alert}</arg>
<arg>visible</arg>
<arg>5</arg>
<tag>PageContent</tag>
<tag>Wait</tag>
<doc>Waits for the element found by ``selector`` to satisfy state option.</doc>
<msg timestamp="20220104 20:49:48.458" level="INFO">Wait for Element with selector: css=span[class=error] &gt;&gt; text=Informe uma senha com pelo menos 6 caracteres</msg>
<status status="PASS" starttime="20220104 20:49:48.446" endtime="20220104 20:49:48.458"/>
</kw>
<status status="PASS" starttime="20220104 20:49:48.445" endtime="20220104 20:49:48.459"/>
</kw>
<status status="PASS" starttime="20220104 20:49:47.858" endtime="20220104 20:49:48.459"/>
</kw>
<kw name="Signup With Short Pass">
<arg>-1</arg>
<kw name="Create Dictionary" library="BuiltIn">
<var>${user}</var>
<arg>name=Evelyn</arg>
<arg>lastname=Basso</arg>
<arg>email=evelynbasso@hotmail.com</arg>
<arg>password=${short_pass}</arg>
<doc>Creates and returns a dictionary based on the given ``items``.</doc>
<msg timestamp="20220104 20:49:48.460" level="INFO">${user} = {'name': 'Evelyn', 'lastname': 'Basso', 'email': 'evelynbasso@hotmail.com', 'password': '-1'}</msg>
<status status="PASS" starttime="20220104 20:49:48.460" endtime="20220104 20:49:48.460"/>
</kw>
<kw name="Go To Signup Form" library="SignupActions">
<kw name="Go To" library="Browser">
<arg>${BASE_URL}/signup</arg>
<tag>BrowserControl</tag>
<tag>Setter</tag>
<doc>Navigates to the given ``url``.</doc>
<msg timestamp="20220104 20:49:48.919" level="INFO">Successfully opened URL https://getgeeks-evelyn.herokuapp.com/signup</msg>
<status status="PASS" starttime="20220104 20:49:48.461" endtime="20220104 20:49:48.920"/>
</kw>
<kw name="Wait For Elements State" library="Browser">
<arg>css=.signup-form</arg>
<arg>visible</arg>
<arg>5</arg>
<tag>PageContent</tag>
<tag>Wait</tag>
<doc>Waits for the element found by ``selector`` to satisfy state option.</doc>
<msg timestamp="20220104 20:49:48.945" level="INFO">Wait for Element with selector: css=.signup-form</msg>
<status status="PASS" starttime="20220104 20:49:48.920" endtime="20220104 20:49:48.945"/>
</kw>
<status status="PASS" starttime="20220104 20:49:48.460" endtime="20220104 20:49:48.945"/>
</kw>
<kw name="Fill Signup Form" library="SignupActions">
<arg>${user}</arg>
<kw name="Fill Text" library="Browser">
<arg>id=name</arg>
<arg>${user}[name]</arg>
<tag>PageContent</tag>
<tag>Setter</tag>
<doc>Clears and fills the given ``txt`` into the text field found by ``selector``.</doc>
<msg timestamp="20220104 20:49:48.947" level="INFO">Fills the text 'Evelyn' in the given field.</msg>
<status status="PASS" starttime="20220104 20:49:48.946" endtime="20220104 20:49:48.965"/>
</kw>
<kw name="Fill Text" library="Browser">
<arg>id=lastname</arg>
<arg>${user}[lastname]</arg>
<tag>PageContent</tag>
<tag>Setter</tag>
<doc>Clears and fills the given ``txt`` into the text field found by ``selector``.</doc>
<msg timestamp="20220104 20:49:48.966" level="INFO">Fills the text 'Basso' in the given field.</msg>
<status status="PASS" starttime="20220104 20:49:48.966" endtime="20220104 20:49:48.982"/>
</kw>
<kw name="Fill Text" library="Browser">
<arg>id=email</arg>
<arg>${user}[email]</arg>
<tag>PageContent</tag>
<tag>Setter</tag>
<doc>Clears and fills the given ``txt`` into the text field found by ``selector``.</doc>
<msg timestamp="20220104 20:49:48.982" level="INFO">Fills the text 'evelynbasso@hotmail.com' in the given field.</msg>
<status status="PASS" starttime="20220104 20:49:48.982" endtime="20220104 20:49:48.998"/>
</kw>
<kw name="Fill Text" library="Browser">
<arg>id=password</arg>
<arg>${user}[password]</arg>
<tag>PageContent</tag>
<tag>Setter</tag>
<doc>Clears and fills the given ``txt`` into the text field found by ``selector``.</doc>
<msg timestamp="20220104 20:49:48.999" level="INFO">Fills the text '-1' in the given field.</msg>
<status status="PASS" starttime="20220104 20:49:48.998" endtime="20220104 20:49:49.014"/>
</kw>
<status status="PASS" starttime="20220104 20:49:48.946" endtime="20220104 20:49:49.015"/>
</kw>
<kw name="Submit Signup Form" library="SignupActions">
<kw name="Click" library="Browser">
<arg>css=.submit-button &gt;&gt; text=Cadastrar</arg>
<tag>PageContent</tag>
<tag>Setter</tag>
<doc>Simulates mouse click on the element found by ``selector``.</doc>
<status status="PASS" starttime="20220104 20:49:49.015" endtime="20220104 20:49:49.061"/>
</kw>
<status status="PASS" starttime="20220104 20:49:49.015" endtime="20220104 20:49:49.061"/>
</kw>
<kw name="Alert Span Should Be" library="_SharedActions">
<arg>Informe uma senha com pelo menos 6 caracteres</arg>
<kw name="Wait For Elements State" library="Browser">
<arg>css=span[class=error] &gt;&gt; text=${expected_alert}</arg>
<arg>visible</arg>
<arg>5</arg>
<tag>PageContent</tag>
<tag>Wait</tag>
<doc>Waits for the element found by ``selector`` to satisfy state option.</doc>
<msg timestamp="20220104 20:49:49.073" level="INFO">Wait for Element with selector: css=span[class=error] &gt;&gt; text=Informe uma senha com pelo menos 6 caracteres</msg>
<status status="PASS" starttime="20220104 20:49:49.062" endtime="20220104 20:49:49.073"/>
</kw>
<status status="PASS" starttime="20220104 20:49:49.061" endtime="20220104 20:49:49.073"/>
</kw>
<status status="PASS" starttime="20220104 20:49:48.459" endtime="20220104 20:49:49.073"/>
</kw>
<kw name="Signup With Short Pass">
<arg>acb#1</arg>
<kw name="Create Dictionary" library="BuiltIn">
<var>${user}</var>
<arg>name=Evelyn</arg>
<arg>lastname=Basso</arg>
<arg>email=evelynbasso@hotmail.com</arg>
<arg>password=${short_pass}</arg>
<doc>Creates and returns a dictionary based on the given ``items``.</doc>
<msg timestamp="20220104 20:49:49.074" level="INFO">${user} = {'name': 'Evelyn', 'lastname': 'Basso', 'email': 'evelynbasso@hotmail.com', 'password': 'acb#1'}</msg>
<status status="PASS" starttime="20220104 20:49:49.074" endtime="20220104 20:49:49.074"/>
</kw>
<kw name="Go To Signup Form" library="SignupActions">
<kw name="Go To" library="Browser">
<arg>${BASE_URL}/signup</arg>
<tag>BrowserControl</tag>
<tag>Setter</tag>
<doc>Navigates to the given ``url``.</doc>
<msg timestamp="20220104 20:49:49.792" level="INFO">Successfully opened URL https://getgeeks-evelyn.herokuapp.com/signup</msg>
<status status="PASS" starttime="20220104 20:49:49.075" endtime="20220104 20:49:49.793"/>
</kw>
<kw name="Wait For Elements State" library="Browser">
<arg>css=.signup-form</arg>
<arg>visible</arg>
<arg>5</arg>
<tag>PageContent</tag>
<tag>Wait</tag>
<doc>Waits for the element found by ``selector`` to satisfy state option.</doc>
<msg timestamp="20220104 20:49:49.822" level="INFO">Wait for Element with selector: css=.signup-form</msg>
<status status="PASS" starttime="20220104 20:49:49.793" endtime="20220104 20:49:49.822"/>
</kw>
<status status="PASS" starttime="20220104 20:49:49.074" endtime="20220104 20:49:49.822"/>
</kw>
<kw name="Fill Signup Form" library="SignupActions">
<arg>${user}</arg>
<kw name="Fill Text" library="Browser">
<arg>id=name</arg>
<arg>${user}[name]</arg>
<tag>PageContent</tag>
<tag>Setter</tag>
<doc>Clears and fills the given ``txt`` into the text field found by ``selector``.</doc>
<msg timestamp="20220104 20:49:49.824" level="INFO">Fills the text 'Evelyn' in the given field.</msg>
<status status="PASS" starttime="20220104 20:49:49.823" endtime="20220104 20:49:49.844"/>
</kw>
<kw name="Fill Text" library="Browser">
<arg>id=lastname</arg>
<arg>${user}[lastname]</arg>
<tag>PageContent</tag>
<tag>Setter</tag>
<doc>Clears and fills the given ``txt`` into the text field found by ``selector``.</doc>
<msg timestamp="20220104 20:49:49.845" level="INFO">Fills the text 'Basso' in the given field.</msg>
<status status="PASS" starttime="20220104 20:49:49.844" endtime="20220104 20:49:49.859"/>
</kw>
<kw name="Fill Text" library="Browser">
<arg>id=email</arg>
<arg>${user}[email]</arg>
<tag>PageContent</tag>
<tag>Setter</tag>
<doc>Clears and fills the given ``txt`` into the text field found by ``selector``.</doc>
<msg timestamp="20220104 20:49:49.860" level="INFO">Fills the text 'evelynbasso@hotmail.com' in the given field.</msg>
<status status="PASS" starttime="20220104 20:49:49.859" endtime="20220104 20:49:49.875"/>
</kw>
<kw name="Fill Text" library="Browser">
<arg>id=password</arg>
<arg>${user}[password]</arg>
<tag>PageContent</tag>
<tag>Setter</tag>
<doc>Clears and fills the given ``txt`` into the text field found by ``selector``.</doc>
<msg timestamp="20220104 20:49:49.876" level="INFO">Fills the text 'acb#1' in the given field.</msg>
<status status="PASS" starttime="20220104 20:49:49.876" endtime="20220104 20:49:49.891"/>
</kw>
<status status="PASS" starttime="20220104 20:49:49.822" endtime="20220104 20:49:49.891"/>
</kw>
<kw name="Submit Signup Form" library="SignupActions">
<kw name="Click" library="Browser">
<arg>css=.submit-button &gt;&gt; text=Cadastrar</arg>
<tag>PageContent</tag>
<tag>Setter</tag>
<doc>Simulates mouse click on the element found by ``selector``.</doc>
<status status="PASS" starttime="20220104 20:49:49.892" endtime="20220104 20:49:49.945"/>
</kw>
<status status="PASS" starttime="20220104 20:49:49.892" endtime="20220104 20:49:49.946"/>
</kw>
<kw name="Alert Span Should Be" library="_SharedActions">
<arg>Informe uma senha com pelo menos 6 caracteres</arg>
<kw name="Wait For Elements State" library="Browser">
<arg>css=span[class=error] &gt;&gt; text=${expected_alert}</arg>
<arg>visible</arg>
<arg>5</arg>
<tag>PageContent</tag>
<tag>Wait</tag>
<doc>Waits for the element found by ``selector`` to satisfy state option.</doc>
<msg timestamp="20220104 20:49:49.957" level="INFO">Wait for Element with selector: css=span[class=error] &gt;&gt; text=Informe uma senha com pelo menos 6 caracteres</msg>
<status status="PASS" starttime="20220104 20:49:49.946" endtime="20220104 20:49:49.957"/>
</kw>
<status status="PASS" starttime="20220104 20:49:49.946" endtime="20220104 20:49:49.957"/>
</kw>
<status status="PASS" starttime="20220104 20:49:49.073" endtime="20220104 20:49:49.958"/>
</kw>
<kw name="After Test" library="Base" type="TEARDOWN">
<kw name="Screenshot Name" library="Utils">
<var>${shot_name}</var>
<msg timestamp="20220104 20:49:49.959" level="INFO">${shot_name} = 087cddd487166574bd48cd35943e5825c5a9a22c</msg>
<status status="PASS" starttime="20220104 20:49:49.958" endtime="20220104 20:49:49.959"/>
</kw>
<kw name="Take Screenshot" library="Browser">
<arg>fullPage=True</arg>
<arg>filename=${shot_name}</arg>
<tag>PageContent</tag>
<doc>Takes a screenshot of the current window or element and saves it to disk.</doc>
<msg timestamp="20220104 20:49:50.127" level="INFO" html="true">&lt;/td&gt;&lt;/tr&gt;&lt;tr&gt;&lt;td colspan="3"&gt;&lt;a href="browser/screenshot/087cddd487166574bd48cd35943e5825c5a9a22c.png"&gt;&lt;img src="browser/screenshot/087cddd487166574bd48cd35943e5825c5a9a22c.png" width="800px"&gt;&lt;/a&gt;</msg>
<status status="PASS" starttime="20220104 20:49:49.959" endtime="20220104 20:49:50.127"/>
</kw>
<status status="PASS" starttime="20220104 20:49:49.958" endtime="20220104 20:49:50.127"/>
</kw>
<tag>attempt_signup</tag>
<tag>short_pass</tag>
<status status="PASS" starttime="20220104 20:49:38.971" endtime="20220104 20:49:50.127"/>
</test>
<doc>Signup Test Suite</doc>
<status status="PASS" starttime="20220104 20:49:14.481" endtime="20220104 20:49:50.147"/>
</suite>
<status status="PASS" starttime="20220104 20:49:14.445" endtime="20220104 20:49:50.149"/>
</suite>
<statistics>
<total>
<stat pass="4" fail="0" skip="0">All Tests</stat>
</total>
<tag>
<stat pass="4" fail="0" skip="0">attempt_signup</stat>
<stat pass="1" fail="0" skip="0">reqf</stat>
<stat pass="1" fail="0" skip="0">short_pass</stat>
</tag>
<suite>
<stat pass="4" fail="0" skip="0" id="s1" name="Tests">Tests</stat>
<stat pass="4" fail="0" skip="0" id="s1-s1" name="Signup">Tests.Signup</stat>
</suite>
</statistics>
<errors>
</errors>
</robot>
