<?xml version="1.0" encoding="UTF-8"?>
<robot generator="Robot 4.1.1 (Python 3.9.7 on win32)" generated="20220104 20:58:41.361" rpa="false" schemaversion="2">
<suite id="s1" name="Users" source="C:\GravidadeZERO\getgeeks\project\backend\users\tests\Users.robot">
<test id="s1-t1" name="Add new user">
<kw name="Factory New User" library="Users">
<var>${payload}</var>
<msg timestamp="20220104 20:58:41.498" level="INFO">${payload} = {'name': 'Clint Barton', 'email': 'barton@shield.com', 'password': 'pwd123'}</msg>
<status status="PASS" starttime="20220104 20:58:41.498" endtime="20220104 20:58:41.498"/>
</kw>
<kw name="POST User" library="UsersRoute">
<var>${response}</var>
<arg>${payload}</arg>
<kw name="POST" library="RequestsLibrary">
<var>${response}</var>
<arg>${API_USERS}/users</arg>
<arg>json=${payload}</arg>
<arg>expected_status=any</arg>
<doc>Sends a POST request.</doc>
<msg timestamp="20220104 20:58:42.045" level="INFO">POST Request : url=https://getgeeks-users-evelyn.herokuapp.com/users 
 path_url=/users 
 headers={'User-Agent': 'python-requests/2.26.0', 'Accept-Encoding': 'gzip, deflate', 'Accept': '*/*', 'Connection': 'keep-alive', 'Content-Length': '76', 'Content-Type': 'application/json'} 
 body=b'{"name": "Clint Barton", "email": "barton@shield.com", "password": "pwd123"}' 
 </msg>
<msg timestamp="20220104 20:58:42.045" level="INFO">POST Response : url=https://getgeeks-users-evelyn.herokuapp.com/users 
 status=201, reason=Created 
 headers={'Server': 'Cowboy', 'Connection': 'keep-alive', 'X-Powered-By': 'Express', 'Access-Control-Allow-Origin': '*', 'Content-Type': 'application/json; charset=utf-8', 'Content-Length': '10', 'Etag': 'W/"a-r4/v18MjI3va/hKGAFdbqQv1kn4"', 'Date': 'Tue, 04 Jan 2022 23:58:41 GMT', 'Via': '1.1 vegur'} 
 body={"id":516} 
 </msg>
<msg timestamp="20220104 20:58:42.045" level="INFO">${response} = &lt;Response [201]&gt;</msg>
<status status="PASS" starttime="20220104 20:58:41.499" endtime="20220104 20:58:42.045"/>
</kw>
<msg timestamp="20220104 20:58:42.046" level="INFO">${response} = &lt;Response [201]&gt;</msg>
<status status="PASS" starttime="20220104 20:58:41.499" endtime="20220104 20:58:42.046"/>
</kw>
<kw name="Status Should Be" library="RequestsLibrary">
<arg>201</arg>
<arg>${response}</arg>
<doc>Fails if response status code is different than the expected.</doc>
<status status="PASS" starttime="20220104 20:58:42.046" endtime="20220104 20:58:42.047"/>
</kw>
<status status="PASS" starttime="20220104 20:58:41.498" endtime="20220104 20:58:42.047"/>
</test>
<doc>Users route test suite</doc>
<status status="PASS" starttime="20220104 20:58:41.362" endtime="20220104 20:58:42.049"/>
</suite>
<statistics>
<total>
<stat pass="1" fail="0" skip="0">All Tests</stat>
</total>
<tag>
</tag>
<suite>
<stat pass="1" fail="0" skip="0" id="s1" name="Users">Users</stat>
</suite>
</statistics>
<errors>
</errors>
</robot>
